#
# A fatal error has been detected by the Java Runtime Environment:
#
#  EXCEPTION_ACCESS_VIOLATION (0xc0000005) at pc=0x0000000000000000, pid=14216, tid=6716
#
# JRE version:  (9.0+11) (build )
# Java VM: Java HotSpot(TM) 64-Bit Server VM (9.0.1+11, mixed mode, tiered, compressed oops, g1 gc, windows-amd64)
# Problematic frame:
# C  0x0000000000000000
#
# No core dump will be written. Minidumps are not enabled by default on client versions of Windows
#
# If you would like to submit a bug report, please visit:
#   http://bugreport.java.com/bugreport/crash.jsp
# The crash happened outside the Java Virtual Machine in native code.
# See problematic frame for where to report the bug.
#

---------------  S U M M A R Y ------------

Command Line: -Dfile.encoding=UTF-8 LP4.main

Host: Intel(R) Core(TM) i5-7200U CPU @ 2.50GHz, 4 cores, 3G,  Windows 10 , 64 bit Build 16299 (10.0.16299.15)
Time: Mon Apr 30 12:22:18 2018 SE Asia Standard Time elapsed time: 0 seconds (0d 0h 0m 0s)

---------------  T H R E A D  ---------------

Current thread (0x00000221a026c000):  JavaThread "main" [_thread_in_native, id=6716, stack(0x000000f9acb00000,0x000000f9acc00000)]

Stack: [0x000000f9acb00000,0x000000f9acc00000],  sp=0x000000f9acbfe6f8,  free space=1017k
Native frames: (J=compiled Java code, j=interpreted, Vv=VM code, C=native code)

Java frames: (J=compiled Java code, j=interpreted, Vv=VM code)
j  java.lang.System.initProperties(Ljava/util/Properties;)Ljava/util/Properties;+0 java.base
j  java.lang.System.initPhase1()V+13 java.base
v  ~StubRoutines::call_stub

siginfo: EXCEPTION_ACCESS_VIOLATION (0xc0000005), data execution prevention violation at address 0x0000000000000000


Register to memory mapping:

RIP=0x0000000000000000 is an unknown value
RAX=0x0000000000000000 is an unknown value
RBX=0x0000000000000000 is an unknown value
RCX=0x0000000000000000 is an unknown value
RDX=0x0000000000004028 is an unknown value
RSP=0x000000f9acbfe6f8 is pointing into the stack for thread: 0x00000221a026c000
RBP=0x000000f9acbfea70 is pointing into the stack for thread: 0x00000221a026c000
RSI=0x0000000000000000 is an unknown value
RDI=0x0000000000000009 is an unknown value
R8 =0x0000000000000000 is an unknown value
R9 =0x0000000000000000 is an unknown value
R10=0x00007ffd38db7bbe ntdll.dll
R11=0x0000022120000020 is an unknown value
R12=0x0000000000000001 is an unknown value
R13=0x00000221bc7dbc01 is pointing into metadata
R14=0x000000000000000a is an unknown value
R15=0x0000000000000734 is an unknown value


Registers:
RAX=0x0000000000000000, RBX=0x0000000000000000, RCX=0x0000000000000000, RDX=0x0000000000004028
RSP=0x000000f9acbfe6f8, RBP=0x000000f9acbfea70, RSI=0x0000000000000000, RDI=0x0000000000000009
R8 =0x0000000000000000, R9 =0x0000000000000000, R10=0x00007ffd38db7bbe, R11=0x0000022120000020
R12=0x0000000000000001, R13=0x00000221bc7dbc01, R14=0x000000000000000a, R15=0x0000000000000734
RIP=0x0000000000000000, EFLAGS=0x0000000000010202

Top of Stack: (sp=0x000000f9acbfe6f8)
0x000000f9acbfe6f8:   00007ffd2fb0d503 0000000000000000
0x000000f9acbfe708:   0000000000004028 0000000000000000
0x000000f9acbfe718:   0000000000000000 000000f9acbfe740
0x000000f9acbfe728:   00007ffd38dc98a4 0000000080004005
0x000000f9acbfe738:   000000f9acbfe860 0000000300000000
0x000000f9acbfe748:   00007ffd38680000 0000000035630000
0x000000f9acbfe758:   00000221bd1069e0 00000221a0161080
0x000000f9acbfe768:   0000000000000000 00000221a0160000
0x000000f9acbfe778:   000000f9ac764000 0000000000000000
0x000000f9acbfe788:   000000000000010f 00000221a0161140
0x000000f9acbfe798:   0000000000000000 00000221a0160000
0x000000f9acbfe7a8:   00000221a0160cc0 0000000000000012
0x000000f9acbfe7b8:   0000000000000020 0000000000000000
0x000000f9acbfe7c8:   0000000000000000 0000000000000008
0x000000f9acbfe7d8:   00000221bc7dbc01 0000000000000000
0x000000f9acbfe7e8:   0000000000000002 0000000000000020 

Instructions: (pc=0x0000000000000000)
0xffffffffffffffe0:   



---------------  P R O C E S S  ---------------

Java Threads: ( => current thread )
  0x00000221bd13f800 JavaThread "Finalizer" daemon [_thread_blocked, id=19956, stack(0x000000f9ad900000,0x000000f9ada00000)]
  0x00000221bd104000 JavaThread "Reference Handler" daemon [_thread_blocked, id=17292, stack(0x000000f9ad800000,0x000000f9ad900000)]
=>0x00000221a026c000 JavaThread "main" [_thread_in_native, id=6716, stack(0x000000f9acb00000,0x000000f9acc00000)]

Other Threads:
  0x00000221bd101800 VMThread "VM Thread" [stack: 0x000000f9ad700000,0x000000f9ad800000] [id=12488]
  0x00000221a0283800 GCTaskThread "GC Thread#0" [stack: 0x000000f9acc00000,0x000000f9acd00000] [id=10708]
  0x00000221a0285000 GCTaskThread "GC Thread#1" [stack: 0x000000f9acd00000,0x000000f9ace00000] [id=18372]
  0x00000221a0287800 GCTaskThread "GC Thread#2" [stack: 0x000000f9ace00000,0x000000f9acf00000] [id=22404]
  0x00000221a028b000 GCTaskThread "GC Thread#3" [stack: 0x000000f9acf00000,0x000000f9ad000000] [id=10980]
  0x00000221a02dc000 ConcurrentGCThread "G1 Main Marker" [stack: 0x000000f9ad500000,0x000000f9ad600000] [id=14488]
  0x00000221a02dd000 ConcurrentGCThread "G1 Marker#0" [stack: 0x000000f9ad600000,0x000000f9ad700000] [id=10976]
  0x00000221a029b800 ConcurrentGCThread "G1 Refine#0" [stack: 0x000000f9ad300000,0x000000f9ad400000] [id=19548]
  0x00000221a029e000 ConcurrentGCThread "G1 Refine#1" [stack: 0x000000f9ad200000,0x000000f9ad300000] [id=13988]
  0x00000221a029f000 ConcurrentGCThread "G1 Refine#2" [stack: 0x000000f9ad100000,0x000000f9ad200000] [id=8928]
  0x00000221a0290800 ConcurrentGCThread "G1 Refine#3" [stack: 0x000000f9ad000000,0x000000f9ad100000] [id=21992]
  0x00000221a02a7800 ConcurrentGCThread "G1 Young RemSet Sampling" [stack: 0x000000f9ad400000,0x000000f9ad500000] [id=9564]

Threads with active compile tasks:

VM state:not at safepoint (normal execution)

VM Mutex/Monitor currently owned by a thread: None

Heap address: 0x00000000c1c00000, size: 996 MB, Compressed Oops mode: 32-bit
Narrow klass base: 0x0000000000000000, Narrow klass shift: 3
Compressed class space size: 1073741824 Address: 0x0000000100000000

Heap:
 garbage-first heap   total 65536K, used 0K [0x00000000c1c00000, 0x00000000c1d00200, 0x0000000100000000)
  region size 1024K, 1 young (1024K), 0 survivors (0K)
 Metaspace       used 1503K, capacity 4480K, committed 4480K, reserved 1056768K
  class space    used 137K, capacity 384K, committed 384K, reserved 1048576K
Heap Regions: E=young(eden), S=young(survivor), O=old, HS=humongous(starts), HC=humongous(continues), CS=collection set, F=free, A=archive, TS=gc time stamp, AC=allocation context, TAMS=top-at-mark-start (previous, next)
|   0|0x00000000c1c00000, 0x00000000c1c00000, 0x00000000c1d00000|  0%| F|  |TS  0|AC  0|TAMS 0x00000000c1c00000, 0x00000000c1c00000|
|   1|0x00000000c1d00000, 0x00000000c1d00000, 0x00000000c1e00000|  0%| F|  |TS  0|AC  0|TAMS 0x00000000c1d00000, 0x00000000c1d00000|
|   2|0x00000000c1e00000, 0x00000000c1e00000, 0x00000000c1f00000|  0%| F|  |TS  0|AC  0|TAMS 0x00000000c1e00000, 0x00000000c1e00000|
|   3|0x00000000c1f00000, 0x00000000c1f00000, 0x00000000c2000000|  0%| F|  |TS  0|AC  0|TAMS 0x00000000c1f00000, 0x00000000c1f00000|
|   4|0x00000000c2000000, 0x00000000c2000000, 0x00000000c2100000|  0%| F|  |TS  0|AC  0|TAMS 0x00000000c2000000, 0x00000000c2000000|
|   5|0x00000000c2100000, 0x00000000c2100000, 0x00000000c2200000|  0%| F|  |TS  0|AC  0|TAMS 0x00000000c2100000, 0x00000000c2100000|
|   6|0x00000000c2200000, 0x00000000c2200000, 0x00000000c2300000|  0%| F|  |TS  0|AC  0|TAMS 0x00000000c2200000, 0x00000000c2200000|
|   7|0x00000000c2300000, 0x00000000c2300000, 0x00000000c2400000|  0%| F|  |TS  0|AC  0|TAMS 0x00000000c2300000, 0x00000000c2300000|
|   8|0x00000000c2400000, 0x00000000c2400000, 0x00000000c2500000|  0%| F|  |TS  0|AC  0|TAMS 0x00000000c2400000, 0x00000000c2400000|
|   9|0x00000000c2500000, 0x00000000c2500000, 0x00000000c2600000|  0%| F|  |TS  0|AC  0|TAMS 0x00000000c2500000, 0x00000000c2500000|
|  10|0x00000000c2600000, 0x00000000c2600000, 0x00000000c2700000|  0%| F|  |TS  0|AC  0|TAMS 0x00000000c2600000, 0x00000000c2600000|
|  11|0x00000000c2700000, 0x00000000c2700000, 0x00000000c2800000|  0%| F|  |TS  0|AC  0|TAMS 0x00000000c2700000, 0x00000000c2700000|
|  12|0x00000000c2800000, 0x00000000c2800000, 0x00000000c2900000|  0%| F|  |TS  0|AC  0|TAMS 0x00000000c2800000, 0x00000000c2800000|
|  13|0x00000000c2900000, 0x00000000c2900000, 0x00000000c2a00000|  0%| F|  |TS  0|AC  0|TAMS 0x00000000c2900000, 0x00000000c2900000|
|  14|0x00000000c2a00000, 0x00000000c2a00000, 0x00000000c2b00000|  0%| F|  |TS  0|AC  0|TAMS 0x00000000c2a00000, 0x00000000c2a00000|
|  15|0x00000000c2b00000, 0x00000000c2b00000, 0x00000000c2c00000|  0%| F|  |TS  0|AC  0|TAMS 0x00000000c2b00000, 0x00000000c2b00000|
|  16|0x00000000c2c00000, 0x00000000c2c00000, 0x00000000c2d00000|  0%| F|  |TS  0|AC  0|TAMS 0x00000000c2c00000, 0x00000000c2c00000|
|  17|0x00000000c2d00000, 0x00000000c2d00000, 0x00000000c2e00000|  0%| F|  |TS  0|AC  0|TAMS 0x00000000c2d00000, 0x00000000c2d00000|
|  18|0x00000000c2e00000, 0x00000000c2e00000, 0x00000000c2f00000|  0%| F|  |TS  0|AC  0|TAMS 0x00000000c2e00000, 0x00000000c2e00000|
|  19|0x00000000c2f00000, 0x00000000c2f00000, 0x00000000c3000000|  0%| F|  |TS  0|AC  0|TAMS 0x00000000c2f00000, 0x00000000c2f00000|
|  20|0x00000000c3000000, 0x00000000c3000000, 0x00000000c3100000|  0%| F|  |TS  0|AC  0|TAMS 0x00000000c3000000, 0x00000000c3000000|
|  21|0x00000000c3100000, 0x00000000c3100000, 0x00000000c3200000|  0%| F|  |TS  0|AC  0|TAMS 0x00000000c3100000, 0x00000000c3100000|
|  22|0x00000000c3200000, 0x00000000c3200000, 0x00000000c3300000|  0%| F|  |TS  0|AC  0|TAMS 0x00000000c3200000, 0x00000000c3200000|
|  23|0x00000000c3300000, 0x00000000c3300000, 0x00000000c3400000|  0%| F|  |TS  0|AC  0|TAMS 0x00000000c3300000, 0x00000000c3300000|
|  24|0x00000000c3400000, 0x00000000c3400000, 0x00000000c3500000|  0%| F|  |TS  0|AC  0|TAMS 0x00000000c3400000, 0x00000000c3400000|
|  25|0x00000000c3500000, 0x00000000c3500000, 0x00000000c3600000|  0%| F|  |TS  0|AC  0|TAMS 0x00000000c3500000, 0x00000000c3500000|
|  26|0x00000000c3600000, 0x00000000c3600000, 0x00000000c3700000|  0%| F|  |TS  0|AC  0|TAMS 0x00000000c3600000, 0x00000000c3600000|
|  27|0x00000000c3700000, 0x00000000c3700000, 0x00000000c3800000|  0%| F|  |TS  0|AC  0|TAMS 0x00000000c3700000, 0x00000000c3700000|
|  28|0x00000000c3800000, 0x00000000c3800000, 0x00000000c3900000|  0%| F|  |TS  0|AC  0|TAMS 0x00000000c3800000, 0x00000000c3800000|
|  29|0x00000000c3900000, 0x00000000c3900000, 0x00000000c3a00000|  0%| F|  |TS  0|AC  0|TAMS 0x00000000c3900000, 0x00000000c3900000|
|  30|0x00000000c3a00000, 0x00000000c3a00000, 0x00000000c3b00000|  0%| F|  |TS  0|AC  0|TAMS 0x00000000c3a00000, 0x00000000c3a00000|
|  31|0x00000000c3b00000, 0x00000000c3b00000, 0x00000000c3c00000|  0%| F|  |TS  0|AC  0|TAMS 0x00000000c3b00000, 0x00000000c3b00000|
|  32|0x00000000c3c00000, 0x00000000c3c00000, 0x00000000c3d00000|  0%| F|  |TS  0|AC  0|TAMS 0x00000000c3c00000, 0x00000000c3c00000|
|  33|0x00000000c3d00000, 0x00000000c3d00000, 0x00000000c3e00000|  0%| F|  |TS  0|AC  0|TAMS 0x00000000c3d00000, 0x00000000c3d00000|
|  34|0x00000000c3e00000, 0x00000000c3e00000, 0x00000000c3f00000|  0%| F|  |TS  0|AC  0|TAMS 0x00000000c3e00000, 0x00000000c3e00000|
|  35|0x00000000c3f00000, 0x00000000c3f00000, 0x00000000c4000000|  0%| F|  |TS  0|AC  0|TAMS 0x00000000c3f00000, 0x00000000c3f00000|
|  36|0x00000000c4000000, 0x00000000c4000000, 0x00000000c4100000|  0%| F|  |TS  0|AC  0|TAMS 0x00000000c4000000, 0x00000000c4000000|
|  37|0x00000000c4100000, 0x00000000c4100000, 0x00000000c4200000|  0%| F|  |TS  0|AC  0|TAMS 0x00000000c4100000, 0x00000000c4100000|
|  38|0x00000000c4200000, 0x00000000c4200000, 0x00000000c4300000|  0%| F|  |TS  0|AC  0|TAMS 0x00000000c4200000, 0x00000000c4200000|
|  39|0x00000000c4300000, 0x00000000c4300000, 0x00000000c4400000|  0%| F|  |TS  0|AC  0|TAMS 0x00000000c4300000, 0x00000000c4300000|
|  40|0x00000000c4400000, 0x00000000c4400000, 0x00000000c4500000|  0%| F|  |TS  0|AC  0|TAMS 0x00000000c4400000, 0x00000000c4400000|
|  41|0x00000000c4500000, 0x00000000c4500000, 0x00000000c4600000|  0%| F|  |TS  0|AC  0|TAMS 0x00000000c4500000, 0x00000000c4500000|
|  42|0x00000000c4600000, 0x00000000c4600000, 0x00000000c4700000|  0%| F|  |TS  0|AC  0|TAMS 0x00000000c4600000, 0x00000000c4600000|
|  43|0x00000000c4700000, 0x00000000c4700000, 0x00000000c4800000|  0%| F|  |TS  0|AC  0|TAMS 0x00000000c4700000, 0x00000000c4700000|
|  44|0x00000000c4800000, 0x00000000c4800000, 0x00000000c4900000|  0%| F|  |TS  0|AC  0|TAMS 0x00000000c4800000, 0x00000000c4800000|
|  45|0x00000000c4900000, 0x00000000c4900000, 0x00000000c4a00000|  0%| F|  |TS  0|AC  0|TAMS 0x00000000c4900000, 0x00000000c4900000|
|  46|0x00000000c4a00000, 0x00000000c4a00000, 0x00000000c4b00000|  0%| F|  |TS  0|AC  0|TAMS 0x00000000c4a00000, 0x00000000c4a00000|
|  47|0x00000000c4b00000, 0x00000000c4b00000, 0x00000000c4c00000|  0%| F|  |TS  0|AC  0|TAMS 0x00000000c4b00000, 0x00000000c4b00000|
|  48|0x00000000c4c00000, 0x00000000c4c00000, 0x00000000c4d00000|  0%| F|  |TS  0|AC  0|TAMS 0x00000000c4c00000, 0x00000000c4c00000|
|  49|0x00000000c4d00000, 0x00000000c4d00000, 0x00000000c4e00000|  0%| F|  |TS  0|AC  0|TAMS 0x00000000c4d00000, 0x00000000c4d00000|
|  50|0x00000000c4e00000, 0x00000000c4e00000, 0x00000000c4f00000|  0%| F|  |TS  0|AC  0|TAMS 0x00000000c4e00000, 0x00000000c4e00000|
|  51|0x00000000c4f00000, 0x00000000c4f00000, 0x00000000c5000000|  0%| F|  |TS  0|AC  0|TAMS 0x00000000c4f00000, 0x00000000c4f00000|
|  52|0x00000000c5000000, 0x00000000c5000000, 0x00000000c5100000|  0%| F|  |TS  0|AC  0|TAMS 0x00000000c5000000, 0x00000000c5000000|
|  53|0x00000000c5100000, 0x00000000c5100000, 0x00000000c5200000|  0%| F|  |TS  0|AC  0|TAMS 0x00000000c5100000, 0x00000000c5100000|
|  54|0x00000000c5200000, 0x00000000c5200000, 0x00000000c5300000|  0%| F|  |TS  0|AC  0|TAMS 0x00000000c5200000, 0x00000000c5200000|
|  55|0x00000000c5300000, 0x00000000c5300000, 0x00000000c5400000|  0%| F|  |TS  0|AC  0|TAMS 0x00000000c5300000, 0x00000000c5300000|
|  56|0x00000000c5400000, 0x00000000c5400000, 0x00000000c5500000|  0%| F|  |TS  0|AC  0|TAMS 0x00000000c5400000, 0x00000000c5400000|
|  57|0x00000000c5500000, 0x00000000c5500000, 0x00000000c5600000|  0%| F|  |TS  0|AC  0|TAMS 0x00000000c5500000, 0x00000000c5500000|
|  58|0x00000000c5600000, 0x00000000c5600000, 0x00000000c5700000|  0%| F|  |TS  0|AC  0|TAMS 0x00000000c5600000, 0x00000000c5600000|
|  59|0x00000000c5700000, 0x00000000c5700000, 0x00000000c5800000|  0%| F|  |TS  0|AC  0|TAMS 0x00000000c5700000, 0x00000000c5700000|
|  60|0x00000000c5800000, 0x00000000c5800000, 0x00000000c5900000|  0%| F|  |TS  0|AC  0|TAMS 0x00000000c5800000, 0x00000000c5800000|
|  61|0x00000000c5900000, 0x00000000c5900000, 0x00000000c5a00000|  0%| F|  |TS  0|AC  0|TAMS 0x00000000c5900000, 0x00000000c5900000|
|  62|0x00000000c5a00000, 0x00000000c5a00000, 0x00000000c5b00000|  0%| F|  |TS  0|AC  0|TAMS 0x00000000c5a00000, 0x00000000c5a00000|
|  63|0x00000000c5b00000, 0x00000000c5b8f688, 0x00000000c5c00000| 56%| E|  |TS  0|AC  0|TAMS 0x00000000c5b00000, 0x00000000c5b00000|

Card table byte_map: [0x00000221b8060000,0x00000221b8260000] byte_map_base: 0x00000221b7a52000

Marking Bits (Prev, Next): (CMBitMap*) 0x00000221a02db290, (CMBitMap*) 0x00000221a02db2c8
 Prev Bits: [0x00000221b8460000, 0x00000221b93f0000)
 Next Bits: [0x00000221b93f0000, 0x00000221ba380000)

Polling page: 0x000002219e020000

CodeHeap 'non-profiled nmethods': size=120064Kb used=0Kb max_used=0Kb free=120064Kb
 bounds [0x00000221b01e0000, 0x00000221b0450000, 0x00000221b7720000]
CodeHeap 'profiled nmethods': size=120000Kb used=0Kb max_used=0Kb free=120000Kb
 bounds [0x00000221a8cb0000, 0x00000221a8f20000, 0x00000221b01e0000]
CodeHeap 'non-nmethods': size=5696Kb used=511Kb max_used=511Kb free=5185Kb
 bounds [0x00000221a8720000, 0x00000221a8990000, 0x00000221a8cb0000]
 total_blobs=156 nmethods=0 adapters=112
 compilation: enabled

Compilation events (0 events):
No events

GC Heap History (0 events):
No events

Deoptimization events (0 events):
No events

Classes redefined (0 events):
No events

Internal exceptions (0 events):
No events

Events (10 events):
Event: 0.078 loading class jdk/internal/reflect/LangReflectAccess
Event: 0.078 loading class jdk/internal/reflect/LangReflectAccess done
Event: 0.079 loading class java/lang/reflect/ReflectAccess done
Event: 0.079 loading class java/util/concurrent/locks/LockSupport
Event: 0.079 loading class java/util/concurrent/locks/LockSupport done
Event: 0.079 loading class java/lang/ref/Finalizer$FinalizerThread
Event: 0.079 loading class java/lang/ref/Finalizer$FinalizerThread done
Event: 0.079 Thread 0x00000221bd13f800 Thread added: 0x00000221bd13f800
Event: 0.079 loading class jdk/internal/misc/VM
Event: 0.080 loading class jdk/internal/misc/VM done


Dynamic libraries:
0x00007ff6559c0000 - 0x00007ff6559fe000 	C:\Program Files\Java\jre-9.0.1\bin\javaw.exe
0x00007ffd38da0000 - 0x00007ffd38f80000 	C:\WINDOWS\SYSTEM32\ntdll.dll
0x00007ffd38680000 - 0x00007ffd3872e000 	C:\WINDOWS\System32\KERNEL32.DLL
0x00007ffd354c0000 - 0x00007ffd35726000 	C:\WINDOWS\System32\KERNELBASE.dll
0x00007ffd38cb0000 - 0x00007ffd38d51000 	C:\WINDOWS\System32\ADVAPI32.dll
0x00007ffd36b40000 - 0x00007ffd36bdd000 	C:\WINDOWS\System32\msvcrt.dll
0x00007ffd37040000 - 0x00007ffd3709b000 	C:\WINDOWS\System32\sechost.dll
0x00007ffd36dd0000 - 0x00007ffd36eef000 	C:\WINDOWS\System32\RPCRT4.dll
0x00007ffd384f0000 - 0x00007ffd3867f000 	C:\WINDOWS\System32\USER32.dll
0x00007ffd36150000 - 0x00007ffd36170000 	C:\WINDOWS\System32\win32u.dll
0x00007ffd38a40000 - 0x00007ffd38a68000 	C:\WINDOWS\System32\GDI32.dll
0x00007ffd35200000 - 0x00007ffd35393000 	C:\WINDOWS\System32\gdi32full.dll
0x00007ffd353a0000 - 0x00007ffd3543b000 	C:\WINDOWS\System32\msvcp_win.dll
0x00007ffd35900000 - 0x00007ffd359f6000 	C:\WINDOWS\System32\ucrtbase.dll
0x00007ffd18490000 - 0x00007ffd186f9000 	C:\WINDOWS\WinSxS\amd64_microsoft.windows.common-controls_6595b64144ccf1df_6.0.16299.371_none_15c7d1789365a290\COMCTL32.dll
0x00007ffd26650000 - 0x00007ffd2665a000 	C:\WINDOWS\SYSTEM32\VERSION.dll
0x00007ffd38730000 - 0x00007ffd38a38000 	C:\WINDOWS\System32\combase.dll
0x00007ffd35440000 - 0x00007ffd354b2000 	C:\WINDOWS\System32\bcryptPrimitives.dll
0x00007ffd36900000 - 0x00007ffd3692d000 	C:\WINDOWS\System32\IMM32.DLL
0x00007ffd287c0000 - 0x00007ffd288af000 	C:\Program Files\Java\jre-9.0.1\bin\msvcr120.dll
0x00007ffd28710000 - 0x00007ffd287b6000 	C:\Program Files\Java\jre-9.0.1\bin\msvcp120.dll
0x00000000732b0000 - 0x0000000073cd4000 	C:\Program Files\Java\jre-9.0.1\bin\server\jvm.dll
0x00007ffd370a0000 - 0x00007ffd370a8000 	C:\WINDOWS\System32\PSAPI.DLL
0x00007ffd30040000 - 0x00007ffd30063000 	C:\WINDOWS\SYSTEM32\WINMM.dll
0x00007ffd26680000 - 0x00007ffd26689000 	C:\WINDOWS\SYSTEM32\WSOCK32.dll
0x00007ffd36d50000 - 0x00007ffd36dbc000 	C:\WINDOWS\System32\WS2_32.dll
0x00007ffd2ffe0000 - 0x00007ffd3000a000 	C:\WINDOWS\SYSTEM32\WINMMBASE.dll
0x00007ffd36170000 - 0x00007ffd361ba000 	C:\WINDOWS\System32\cfgmgr32.dll
0x00007ffd31fe0000 - 0x00007ffd31fef000 	C:\Program Files\Java\jre-9.0.1\bin\verify.dll
0x00007ffd2fb00000 - 0x00007ffd2fb27000 	C:\Program Files\Java\jre-9.0.1\bin\java.dll
0x00007ffd307f0000 - 0x00007ffd30806000 	C:\Program Files\Java\jre-9.0.1\bin\zip.dll
0x00007ffd31fd0000 - 0x00007ffd31fda000 	C:\Program Files\Java\jre-9.0.1\bin\jimage.dll
0x00007ffd33ba0000 - 0x00007ffd33d68000 	C:\WINDOWS\SYSTEM32\dbghelp.dll

VM Arguments:
jvm_args: -Dfile.encoding=UTF-8 
java_command: LP4.main
java_class_path (initial): C:\Users\ASUS\Documents\GitHub\FFSE1702A.JavaCore\FFSE1702045\ASM10x10\bin;C:\Users\ASUS\Documents\GitHub\FFSE1702A.JavaCore\FFSE1702045\ASM10x10\libs\mysql-connector-java-5.1.46-bin.jar
Launcher Type: SUN_STANDARD

Logging:
Log output configuration:
#0: stdout all=warning uptime,level,tags
#1: stderr all=off uptime,level,tags

Environment Variables:
PATH=C:\ProgramData\Oracle\Java\javapath;C:\Program Files (x86)\Intel\iCLS Client\;C:\Program Files\Intel\iCLS Client\;C:\WINDOWS\system32;C:\WINDOWS;C:\WINDOWS\System32\Wbem;C:\WINDOWS\System32\WindowsPowerShell\v1.0\;C:\Program Files (x86)\Intel\Intel(R) Management Engine Components\DAL;C:\Program Files\Intel\Intel(R) Management Engine Components\DAL;C:\Program Files (x86)\Intel\Intel(R) Management Engine Components\IPT;C:\Program Files\Intel\Intel(R) Management Engine Components\IPT;C:\Program Files\Intel\WiFi\bin\;C:\Program Files\Common Files\Intel\WirelessCommon\;C:\Program Files\Git\cmd;C:\Users\ASUS\AppData\Local\Microsoft\WindowsApps;C:\Users\ASUS\AppData\Local\GitHubDesktop\bin
USERNAME=ASUS
OS=Windows_NT
PROCESSOR_IDENTIFIER=Intel64 Family 6 Model 142 Stepping 9, GenuineIntel



---------------  S Y S T E M  ---------------

OS: Windows 10 , 64 bit Build 16299 (10.0.16299.15)

CPU:total 4 (initial active 4) (2 cores per cpu, 2 threads per core) family 6 model 142 stepping 9, cmov, cx8, fxsr, mmx, sse, sse2, sse3, ssse3, sse4.1, sse4.2, popcnt, avx, avx2, aes, clmul, erms, 3dnowpref, lzcnt, ht, tsc, tscinvbit, bmi1, bmi2, adx, fma

Memory: 4k page, physical 4072968k(311720k free), swap 16655880k(1916k free)

vm_info: Java HotSpot(TM) 64-Bit Server VM (9.0.1+11) for windows-amd64 JRE (9.0.1+11), built on Sep 28 2017 04:54:03 by "mach5one" with MS VC++ 12.0 (VS2013)

END.
