#
# There is insufficient memory for the Java Runtime Environment to continue.
# Native memory allocation (malloc) failed to allocate 775056 bytes for Chunk::new
# Possible reasons:
#   The system is out of physical RAM or swap space
#   The process is running with CompressedOops enabled, and the Java Heap may be blocking the growth of the native heap
# Possible solutions:
#   Reduce memory load on the system
#   Increase physical memory or swap space
#   Check if swap backing store is full
#   Decrease Java heap size (-Xmx/-Xms)
#   Decrease number of Java threads
#   Decrease Java thread stack sizes (-Xss)
#   Set larger code cache with -XX:ReservedCodeCacheSize=
#   JVM is running with Unscaled Compressed Oops mode in which the Java heap is
#     placed in the first 4GB address space. The Java Heap base address is the
#     maximum limit for the native heap growth. Please use -XX:HeapBaseMinAddress
#     to set the Java Heap base and to place the Java Heap above 4GB virtual address.
# This output file may be truncated or incomplete.
#
#  Out of Memory Error (t:/workspace/hotspot/src/share/vm/memory/allocation.cpp:372), pid=5152, tid=10796
#
# JRE version: Java(TM) SE Runtime Environment (9.0+11) (build 9.0.1+11)
# Java VM: Java HotSpot(TM) 64-Bit Server VM (9.0.1+11, mixed mode, tiered, compressed oops, g1 gc, windows-amd64)
# No core dump will be written. Minidumps are not enabled by default on client versions of Windows
#

---------------  S U M M A R Y ------------

Command Line: -Dfile.encoding=UTF-8 LP4.Login

Host: Intel(R) Core(TM) i5-7200U CPU @ 2.50GHz, 4 cores, 3G,  Windows 10 , 64 bit Build 16299 (10.0.16299.15)
Time: Sun Apr 29 22:33:45 2018 SE Asia Standard Time elapsed time: 0 seconds (0d 0h 0m 0s)

---------------  T H R E A D  ---------------

Current thread (0x00000234e67eb000):  JavaThread "C2 CompilerThread1" daemon [_thread_in_native, id=10796, stack(0x000000c654300000,0x000000c654400000)]


Current CompileTask:
C2:    598  747       4       java.lang.invoke.MethodType::makeImpl (66 bytes)

Stack: [0x000000c654300000,0x000000c654400000]
Native frames: (J=compiled Java code, j=interpreted, Vv=VM code, C=native code)
V  [jvm.dll+0x5870b8]
V  [jvm.dll+0x69c0ee]
V  [jvm.dll+0x69d00a]
V  [jvm.dll+0x69d643]
V  [jvm.dll+0x21d148]
V  [jvm.dll+0xa7c6c]
V  [jvm.dll+0xa85ac]
V  [jvm.dll+0x320ef5]
V  [jvm.dll+0x2e78ca]
V  [jvm.dll+0x2e6e5a]
V  [jvm.dll+0x1e99c1]
V  [jvm.dll+0x1e8c66]
V  [jvm.dll+0x1691bb]
V  [jvm.dll+0x1f64f0]
V  [jvm.dll+0x1f5176]
V  [jvm.dll+0x66b2df]
V  [jvm.dll+0x5864e0]
C  [msvcr120.dll+0x24f7f]
C  [msvcr120.dll+0x25126]
C  [KERNEL32.DLL+0x11fe4]
C  [ntdll.dll+0x6f061]


---------------  P R O C E S S  ---------------

Java Threads: ( => current thread )
  0x00000234e68dd000 JavaThread "AWT-EventQueue-0" [_thread_blocked, id=7384, stack(0x000000c654c00000,0x000000c654d00000)]
  0x00000234e68da000 JavaThread "AWT-Windows" daemon [_thread_in_native, id=11624, stack(0x000000c654b00000,0x000000c654c00000)]
  0x00000234e68db000 JavaThread "AWT-Shutdown" [_thread_blocked, id=10364, stack(0x000000c654a00000,0x000000c654b00000)]
  0x00000234e68dc800 JavaThread "Java2D Disposer" daemon [_thread_blocked, id=8976, stack(0x000000c654900000,0x000000c654a00000)]
  0x00000234e68de800 JavaThread "Service Thread" daemon [_thread_blocked, id=18668, stack(0x000000c654700000,0x000000c654800000)]
  0x00000234e68db800 JavaThread "Common-Cleaner" daemon [_thread_blocked, id=15536, stack(0x000000c654600000,0x000000c654700000)]
  0x00000234e67f0000 JavaThread "Sweeper thread" daemon [_thread_blocked, id=8680, stack(0x000000c654500000,0x000000c654600000)]
  0x00000234e67ef800 JavaThread "C1 CompilerThread2" daemon [_thread_blocked, id=19032, stack(0x000000c654400000,0x000000c654500000)]
=>0x00000234e67eb000 JavaThread "C2 CompilerThread1" daemon [_thread_in_native, id=10796, stack(0x000000c654300000,0x000000c654400000)]
  0x00000234e67e0800 JavaThread "C2 CompilerThread0" daemon [_thread_blocked, id=9676, stack(0x000000c654200000,0x000000c654300000)]
  0x00000234e67dd800 JavaThread "Attach Listener" daemon [_thread_blocked, id=18000, stack(0x000000c654100000,0x000000c654200000)]
  0x00000234e67db800 JavaThread "Signal Dispatcher" daemon [_thread_blocked, id=17888, stack(0x000000c654000000,0x000000c654100000)]
  0x00000234e67c9000 JavaThread "Finalizer" daemon [_thread_blocked, id=9484, stack(0x000000c653e00000,0x000000c653f00000)]
  0x00000234e6790000 JavaThread "Reference Handler" daemon [_thread_blocked, id=17384, stack(0x000000c653d00000,0x000000c653e00000)]
  0x00000234c990e800 JavaThread "main" [_thread_in_vm, id=17072, stack(0x000000c653000000,0x000000c653100000)]

Other Threads:
  0x00000234e678e000 VMThread "VM Thread" [stack: 0x000000c653c00000,0x000000c653d00000] [id=13060]
  0x00000234e6af6000 WatcherThread [stack: 0x000000c654800000,0x000000c654900000] [id=9236]
  0x00000234c9927000 GCTaskThread "GC Thread#0" [stack: 0x000000c653100000,0x000000c653200000] [id=6576]
  0x00000234c9928000 GCTaskThread "GC Thread#1" [stack: 0x000000c653200000,0x000000c653300000] [id=5460]
  0x00000234c992a800 GCTaskThread "GC Thread#2" [stack: 0x000000c653300000,0x000000c653400000] [id=15772]
  0x00000234c9931800 GCTaskThread "GC Thread#3" [stack: 0x000000c653400000,0x000000c653500000] [id=3280]
  0x00000234c9978800 ConcurrentGCThread "G1 Main Marker" [stack: 0x000000c653a00000,0x000000c653b00000] [id=11468]
  0x00000234c9979800 ConcurrentGCThread "G1 Marker#0" [stack: 0x000000c653b00000,0x000000c653c00000] [id=11520]
  0x00000234c9943000 ConcurrentGCThread "G1 Refine#0" [stack: 0x000000c653800000,0x000000c653900000] [id=6680]
  0x00000234c9942000 ConcurrentGCThread "G1 Refine#1" [stack: 0x000000c653700000,0x000000c653800000] [id=19424]
  0x00000234c993f000 ConcurrentGCThread "G1 Refine#2" [stack: 0x000000c653600000,0x000000c653700000] [id=17808]
  0x00000234c9934000 ConcurrentGCThread "G1 Refine#3" [stack: 0x000000c653500000,0x000000c653600000] [id=14572]
  0x00000234c9944800 ConcurrentGCThread "G1 Young RemSet Sampling" [stack: 0x000000c653900000,0x000000c653a00000] [id=14844]

Threads with active compile tasks:
C2 CompilerThread1 747       4       java.lang.invoke.MethodType::makeImpl (66 bytes)

VM state:not at safepoint (normal execution)

VM Mutex/Monitor currently owned by a thread: None

Heap address: 0x00000000c1c00000, size: 996 MB, Compressed Oops mode: 32-bit
Narrow klass base: 0x0000000000000000, Narrow klass shift: 3
Compressed class space size: 1073741824 Address: 0x0000000100000000

Heap:
 garbage-first heap   total 36864K, used 3030K [0x00000000c1c00000, 0x00000000c1d00120, 0x0000000100000000)
  region size 1024K, 3 young (3072K), 1 survivors (1024K)
 Metaspace       used 11630K, capacity 12456K, committed 12672K, reserved 1077248K
  class space    used 1380K, capacity 1574K, committed 1664K, reserved 1048576K
Heap Regions: E=young(eden), S=young(survivor), O=old, HS=humongous(starts), HC=humongous(continues), CS=collection set, F=free, A=archive, TS=gc time stamp, AC=allocation context, TAMS=top-at-mark-start (previous, next)
|   0|0x00000000c1c00000, 0x00000000c1cd6770, 0x00000000c1d00000| 83%| O|  |TS  0|AC  0|TAMS 0x00000000c1c00000, 0x00000000c1c00000|
|   1|0x00000000c1d00000, 0x00000000c1d5a800, 0x00000000c1e00000| 35%| O|  |TS  5|AC  0|TAMS 0x00000000c1d00000, 0x00000000c1d00000|
|   2|0x00000000c1e00000, 0x00000000c1e00000, 0x00000000c1f00000|  0%| F|  |TS  0|AC  0|TAMS 0x00000000c1e00000, 0x00000000c1e00000|
|   3|0x00000000c1f00000, 0x00000000c1f00000, 0x00000000c2000000|  0%| F|  |TS  0|AC  0|TAMS 0x00000000c1f00000, 0x00000000c1f00000|
|   4|0x00000000c2000000, 0x00000000c2000000, 0x00000000c2100000|  0%| F|  |TS  5|AC  0|TAMS 0x00000000c2000000, 0x00000000c2000000|
|   5|0x00000000c2100000, 0x00000000c21c4980, 0x00000000c2200000| 76%| S|CS|TS  5|AC  0|TAMS 0x00000000c2100000, 0x00000000c2100000|
|   6|0x00000000c2200000, 0x00000000c2200000, 0x00000000c2300000|  0%| F|  |TS  5|AC  0|TAMS 0x00000000c2200000, 0x00000000c2200000|
|   7|0x00000000c2300000, 0x00000000c2300000, 0x00000000c2400000|  0%| F|  |TS  5|AC  0|TAMS 0x00000000c2300000, 0x00000000c2300000|
|   8|0x00000000c2400000, 0x00000000c2400000, 0x00000000c2500000|  0%| F|  |TS  5|AC  0|TAMS 0x00000000c2400000, 0x00000000c2400000|
|   9|0x00000000c2500000, 0x00000000c2500000, 0x00000000c2600000|  0%| F|  |TS  5|AC  0|TAMS 0x00000000c2500000, 0x00000000c2500000|
|  10|0x00000000c2600000, 0x00000000c2600000, 0x00000000c2700000|  0%| F|  |TS  5|AC  0|TAMS 0x00000000c2600000, 0x00000000c2600000|
|  11|0x00000000c2700000, 0x00000000c2700000, 0x00000000c2800000|  0%| F|  |TS  5|AC  0|TAMS 0x00000000c2700000, 0x00000000c2700000|
|  12|0x00000000c2800000, 0x00000000c2800000, 0x00000000c2900000|  0%| F|  |TS  5|AC  0|TAMS 0x00000000c2800000, 0x00000000c2800000|
|  13|0x00000000c2900000, 0x00000000c2900000, 0x00000000c2a00000|  0%| F|  |TS  5|AC  0|TAMS 0x00000000c2900000, 0x00000000c2900000|
|  14|0x00000000c2a00000, 0x00000000c2a00000, 0x00000000c2b00000|  0%| F|  |TS  5|AC  0|TAMS 0x00000000c2a00000, 0x00000000c2a00000|
|  15|0x00000000c2b00000, 0x00000000c2b00000, 0x00000000c2c00000|  0%| F|  |TS  5|AC  0|TAMS 0x00000000c2b00000, 0x00000000c2b00000|
|  16|0x00000000c2c00000, 0x00000000c2c00000, 0x00000000c2d00000|  0%| F|  |TS  5|AC  0|TAMS 0x00000000c2c00000, 0x00000000c2c00000|
|  17|0x00000000c2d00000, 0x00000000c2d00000, 0x00000000c2e00000|  0%| F|  |TS  5|AC  0|TAMS 0x00000000c2d00000, 0x00000000c2d00000|
|  18|0x00000000c2e00000, 0x00000000c2e00000, 0x00000000c2f00000|  0%| F|  |TS  5|AC  0|TAMS 0x00000000c2e00000, 0x00000000c2e00000|
|  19|0x00000000c2f00000, 0x00000000c2f00000, 0x00000000c3000000|  0%| F|  |TS  5|AC  0|TAMS 0x00000000c2f00000, 0x00000000c2f00000|
|  20|0x00000000c3000000, 0x00000000c3000000, 0x00000000c3100000|  0%| F|  |TS  5|AC  0|TAMS 0x00000000c3000000, 0x00000000c3000000|
|  21|0x00000000c3100000, 0x00000000c3100000, 0x00000000c3200000|  0%| F|  |TS  5|AC  0|TAMS 0x00000000c3100000, 0x00000000c3100000|
|  22|0x00000000c3200000, 0x00000000c3200000, 0x00000000c3300000|  0%| F|  |TS  5|AC  0|TAMS 0x00000000c3200000, 0x00000000c3200000|
|  23|0x00000000c3300000, 0x00000000c3300000, 0x00000000c3400000|  0%| F|  |TS  5|AC  0|TAMS 0x00000000c3300000, 0x00000000c3300000|
|  24|0x00000000c3400000, 0x00000000c3400000, 0x00000000c3500000|  0%| F|  |TS  5|AC  0|TAMS 0x00000000c3400000, 0x00000000c3400000|
|  25|0x00000000c3500000, 0x00000000c3500000, 0x00000000c3600000|  0%| F|  |TS  5|AC  0|TAMS 0x00000000c3500000, 0x00000000c3500000|
|  26|0x00000000c3600000, 0x00000000c3600000, 0x00000000c3700000|  0%| F|  |TS  5|AC  0|TAMS 0x00000000c3600000, 0x00000000c3600000|
|  27|0x00000000c3700000, 0x00000000c3700000, 0x00000000c3800000|  0%| F|  |TS  5|AC  0|TAMS 0x00000000c3700000, 0x00000000c3700000|
|  28|0x00000000c3800000, 0x00000000c3800000, 0x00000000c3900000|  0%| F|  |TS  5|AC  0|TAMS 0x00000000c3800000, 0x00000000c3800000|
|  29|0x00000000c3900000, 0x00000000c3900000, 0x00000000c3a00000|  0%| F|  |TS  5|AC  0|TAMS 0x00000000c3900000, 0x00000000c3900000|
|  30|0x00000000c3a00000, 0x00000000c3a00000, 0x00000000c3b00000|  0%| F|  |TS  5|AC  0|TAMS 0x00000000c3a00000, 0x00000000c3a00000|
|  31|0x00000000c3b00000, 0x00000000c3b00000, 0x00000000c3c00000|  0%| F|  |TS  5|AC  0|TAMS 0x00000000c3b00000, 0x00000000c3b00000|
|  32|0x00000000c3c00000, 0x00000000c3c00000, 0x00000000c3d00000|  0%| F|  |TS  5|AC  0|TAMS 0x00000000c3c00000, 0x00000000c3c00000|
|  33|0x00000000c3d00000, 0x00000000c3d00000, 0x00000000c3e00000|  0%| F|  |TS  5|AC  0|TAMS 0x00000000c3d00000, 0x00000000c3d00000|
|  34|0x00000000c3e00000, 0x00000000c3eb58f0, 0x00000000c3f00000| 70%| E|  |TS  5|AC  0|TAMS 0x00000000c3e00000, 0x00000000c3e00000|
|  35|0x00000000c3f00000, 0x00000000c4000000, 0x00000000c4000000|100%| E|CS|TS  5|AC  0|TAMS 0x00000000c3f00000, 0x00000000c3f00000|

Card table byte_map: [0x00000234e16f0000,0x00000234e18f0000] byte_map_base: 0x00000234e10e2000

Marking Bits (Prev, Next): (CMBitMap*) 0x00000234c9977ca8, (CMBitMap*) 0x00000234c9977c70
 Prev Bits: [0x00000234e2a80000, 0x00000234e3a10000)
 Next Bits: [0x00000234e1af0000, 0x00000234e2a80000)

Polling page: 0x00000234c76c0000

CodeHeap 'non-profiled nmethods': size=120064Kb used=296Kb max_used=296Kb free=119767Kb
 bounds [0x00000234d9790000, 0x00000234d9a00000, 0x00000234e0cd0000]
CodeHeap 'profiled nmethods': size=120000Kb used=1332Kb max_used=1332Kb free=118667Kb
 bounds [0x00000234d2260000, 0x00000234d24d0000, 0x00000234d9790000]
CodeHeap 'non-nmethods': size=5696Kb used=1319Kb max_used=1340Kb free=4376Kb
 bounds [0x00000234d1cd0000, 0x00000234d1f40000, 0x00000234d2260000]
 total_blobs=1485 nmethods=803 adapters=437
 compilation: enabled

Compilation events (10 events):
Event: 0.567 Thread 0x00000234e67ef800 nmethod 769 0x00000234d97d4b90 code [0x00000234d97d4d40, 0x00000234d97d4e58]
Event: 0.584 Thread 0x00000234e67ef800  773       3       sun.awt.AppContext::getAppContext (51 bytes)
Event: 0.584 Thread 0x00000234e67ef800 nmethod 773 0x00000234d23a4f90 code [0x00000234d23a5180, 0x00000234d23a5800]
Event: 0.588 Thread 0x00000234e67e0800 nmethod 748 0x00000234d97d5790 code [0x00000234d97d59c0, 0x00000234d97d6db0]
Event: 0.588 Thread 0x00000234e67e0800  750       4       java.lang.AbstractStringBuilder::<init> (39 bytes)
Event: 0.588 Thread 0x00000234e67ef800  776       3       java.lang.Class::reflectionData (43 bytes)
Event: 0.588 Thread 0x00000234e67ef800 nmethod 776 0x00000234d23a5990 code [0x00000234d23a5b60, 0x00000234d23a5fa0]
Event: 0.590 Thread 0x00000234e67e0800 nmethod 750 0x00000234d97d7390 code [0x00000234d97d7520, 0x00000234d97d7738]
Event: 0.590 Thread 0x00000234e67e0800  755       4       java.lang.invoke.MemberName::testAllFlags (7 bytes)
Event: 0.590 Thread 0x00000234e67e0800 nmethod 755 0x00000234d97d7810 code [0x00000234d97d79a0, 0x00000234d97d7a18]

GC Heap History (10 events):
Event: 0.191 GC heap before
{Heap before GC invocations=2 (full 0):
 garbage-first heap   total 65536K, used 856K [0x00000000c1c00000, 0x00000000c1d00200, 0x0000000100000000)
  region size 1024K, 2 young (2048K), 1 survivors (1024K)
 Metaspace       used 5640K, capacity 5732K, committed 5760K, reserved 1071104K
  class space    used 572K, capacity 620K, committed 640K, reserved 1048576K
}
Event: 0.193 GC heap after
{Heap after GC invocations=3 (full 0):
 garbage-first heap   total 65536K, used 899K [0x00000000c1c00000, 0x00000000c1d00200, 0x0000000100000000)
  region size 1024K, 1 young (1024K), 1 survivors (1024K)
 Metaspace       used 5640K, capacity 5732K, committed 5760K, reserved 1071104K
  class space    used 572K, capacity 620K, committed 640K, reserved 1048576K
}
Event: 0.193 GC heap before
{Heap before GC invocations=3 (full 0):
 garbage-first heap   total 65536K, used 899K [0x00000000c1c00000, 0x00000000c1d00200, 0x0000000100000000)
  region size 1024K, 1 young (1024K), 1 survivors (1024K)
 Metaspace       used 5640K, capacity 5732K, committed 5760K, reserved 1073152K
  class space    used 572K, capacity 620K, committed 640K, reserved 1048576K
}
Event: 0.200 GC heap after
{Heap after GC invocations=4 (full 1):
 garbage-first heap   total 8192K, used 857K [0x00000000c1c00000, 0x00000000c1d00040, 0x0000000100000000)
  region size 1024K, 0 young (0K), 0 survivors (0K)
 Metaspace       used 5640K, capacity 5732K, committed 5760K, reserved 1073152K
  class space    used 572K, capacity 620K, committed 640K, reserved 1048576K
}
Event: 0.298 GC heap before
{Heap before GC invocations=4 (full 1):
 garbage-first heap   total 8192K, used 2905K [0x00000000c1c00000, 0x00000000c1d00040, 0x0000000100000000)
  region size 1024K, 2 young (2048K), 0 survivors (0K)
 Metaspace       used 7128K, capacity 7428K, committed 7552K, reserved 1073152K
  class space    used 747K, capacity 820K, committed 896K, reserved 1048576K
}
Event: 0.299 GC heap after
{Heap after GC invocations=5 (full 1):
 garbage-first heap   total 8192K, used 1294K [0x00000000c1c00000, 0x00000000c1d00040, 0x0000000100000000)
  region size 1024K, 1 young (1024K), 1 survivors (1024K)
 Metaspace       used 7128K, capacity 7428K, committed 7552K, reserved 1073152K
  class space    used 747K, capacity 820K, committed 896K, reserved 1048576K
}
Event: 0.412 GC heap before
{Heap before GC invocations=5 (full 1):
 garbage-first heap   total 8192K, used 3342K [0x00000000c1c00000, 0x00000000c1d00040, 0x0000000100000000)
  region size 1024K, 3 young (3072K), 1 survivors (1024K)
 Metaspace       used 8836K, capacity 9348K, committed 9600K, reserved 1075200K
  class space    used 969K, capacity 1100K, committed 1152K, reserved 1048576K
}
Event: 0.414 GC heap after
{Heap after GC invocations=6 (full 1):
 garbage-first heap   total 8192K, used 1576K [0x00000000c1c00000, 0x00000000c1d00040, 0x0000000100000000)
  region size 1024K, 1 young (1024K), 1 survivors (1024K)
 Metaspace       used 8836K, capacity 9348K, committed 9600K, reserved 1075200K
  class space    used 969K, capacity 1100K, committed 1152K, reserved 1048576K
}
Event: 0.527 GC heap before
{Heap before GC invocations=6 (full 1):
 garbage-first heap   total 8192K, used 3624K [0x00000000c1c00000, 0x00000000c1d00040, 0x0000000100000000)
  region size 1024K, 3 young (3072K), 1 survivors (1024K)
 Metaspace       used 10274K, capacity 10982K, committed 11136K, reserved 1077248K
  class space    used 1192K, capacity 1379K, committed 1408K, reserved 1048576K
}
Event: 0.530 GC heap after
{Heap after GC invocations=7 (full 1):
 garbage-first heap   total 36864K, used 2006K [0x00000000c1c00000, 0x00000000c1d00120, 0x0000000100000000)
  region size 1024K, 1 young (1024K), 1 survivors (1024K)
 Metaspace       used 10274K, capacity 10982K, committed 11136K, reserved 1077248K
  class space    used 1192K, capacity 1379K, committed 1408K, reserved 1048576K
}

Deoptimization events (0 events):
No events

Classes redefined (0 events):
No events

Internal exceptions (10 events):
Event: 0.349 Thread 0x00000234c990e800 Exception <a 'java/lang/NoSuchMethodError'{0x00000000c23b06b0}: java.lang.invoke.DirectMethodHandle$Holder.invokeStatic(Ljava/lang/Object;Ljava/lang/Object;Ljava/lang/Object;Ljava/lang/Object;Ljava/lang/Object;Ljava/lang/Object;Ljava/lang/Object;Ljava/lan
Event: 0.351 Thread 0x00000234c990e800 Exception <a 'java/lang/NoSuchMethodError'{0x00000000c23cae50}: java.lang.invoke.DirectMethodHandle$Holder.invokeStatic(Ljava/lang/Object;Ljava/lang/Object;Ljava/lang/Object;Ljava/lang/Object;Ljava/lang/Object;Ljava/lang/Object;Ljava/lang/Object;Ljava/lan
Event: 0.416 Thread 0x00000234c990e800 Exception <a 'java/lang/NoSuchMethodError'{0x00000000c2311f38}: method resolution failed> (0x00000000c2311f38) thrown at [t:/workspace/hotspot/src/share/vm/prims/methodHandles.cpp, line 1256]
Event: 0.416 Thread 0x00000234c990e800 Exception <a 'java/lang/NoSuchMethodError'{0x00000000c23195c8}: java.lang.invoke.DirectMethodHandle$Holder.invokeStatic(Ljava/lang/Object;ILjava/lang/Object;Ljava/lang/Object;Ljava/lang/Object;)Ljava/lang/Object;> (0x00000000c23195c8) thrown at [t:/worksp
Event: 0.417 Thread 0x00000234c990e800 Exception <a 'java/lang/NoSuchMethodError'{0x00000000c231d548}: method resolution failed> (0x00000000c231d548) thrown at [t:/workspace/hotspot/src/share/vm/prims/methodHandles.cpp, line 1256]
Event: 0.453 Thread 0x00000234c990e800 Exception <a 'java/lang/ClassNotFoundException'{0x00000000c23dd3e0}: com/sun/swing/internal/plaf/metal/resources/spi/metalProvider> (0x00000000c23dd3e0) thrown at [t:/workspace/hotspot/src/share/vm/classfile/systemDictionary.cpp, line 218]
Event: 0.455 Thread 0x00000234c990e800 Exception <a 'java/lang/ClassNotFoundException'{0x00000000c23e1768}: com/sun/swing/internal/plaf/basic/resources/spi/basicProvider> (0x00000000c23e1768) thrown at [t:/workspace/hotspot/src/share/vm/classfile/systemDictionary.cpp, line 218]
Event: 0.555 Thread 0x00000234c990e800 Exception <a 'java/lang/NoSuchMethodError'{0x00000000c3ff5c10}: java.lang.invoke.DirectMethodHandle$Holder.invokeStatic(Ljava/lang/Object;Ljava/lang/Object;Ljava/lang/Object;Ljava/lang/Object;Ljava/lang/Object;Ljava/lang/Object;Ljava/lang/Object;Ljava/lan
Event: 0.556 Thread 0x00000234c990e800 Exception <a 'java/lang/NoSuchMethodError'{0x00000000c3e14840}: java.lang.invoke.DirectMethodHandle$Holder.invokeStatic(Ljava/lang/Object;Ljava/lang/Object;Ljava/lang/Object;Ljava/lang/Object;Ljava/lang/Object;Ljava/lang/Object;Ljava/lang/Object;Ljava/lan
Event: 0.558 Thread 0x00000234c990e800 Exception <a 'java/lang/NoSuchMethodError'{0x00000000c3e33d20}: java.lang.invoke.DirectMethodHandle$Holder.invokeStatic(Ljava/lang/Object;Ljava/lang/Object;Ljava/lang/Object;Ljava/lang/Object;Ljava/lang/Object;Ljava/lang/Object;Ljava/lang/Object;Ljava/lan

Events (10 events):
Event: 0.594 loading class javax/swing/text/DefaultEditorKit
Event: 0.594 loading class javax/swing/RepaintManager$4 done
Event: 0.594 loading class sun/java2d/d3d/D3DSurfaceData$D3DWindowSurfaceData
Event: 0.595 loading class javax/swing/text/EditorKit
Event: 0.595 loading class sun/java2d/d3d/D3DSurfaceData
Event: 0.595 loading class javax/swing/text/EditorKit done
Event: 0.595 loading class javax/swing/text/DefaultEditorKit done
Event: 0.595 loading class javax/swing/text/DefaultEditorKit$InsertContentAction
Event: 0.595 loading class sun/java2d/pipe/hw/AccelSurface
Event: 0.595 loading class sun/java2d/pipe/hw/AccelSurface done


Dynamic libraries:
0x00007ff6559c0000 - 0x00007ff6559fe000 	C:\Program Files\Java\jre-9.0.1\bin\javaw.exe
0x00007ffd38da0000 - 0x00007ffd38f80000 	C:\WINDOWS\SYSTEM32\ntdll.dll
0x00007ffd38680000 - 0x00007ffd3872e000 	C:\WINDOWS\System32\KERNEL32.DLL
0x00007ffd354c0000 - 0x00007ffd35726000 	C:\WINDOWS\System32\KERNELBASE.dll
0x00007ffd38cb0000 - 0x00007ffd38d51000 	C:\WINDOWS\System32\ADVAPI32.dll
0x00007ffd36b40000 - 0x00007ffd36bdd000 	C:\WINDOWS\System32\msvcrt.dll
0x00007ffd37040000 - 0x00007ffd3709b000 	C:\WINDOWS\System32\sechost.dll
0x00007ffd36dd0000 - 0x00007ffd36eef000 	C:\WINDOWS\System32\RPCRT4.dll
0x00007ffd384f0000 - 0x00007ffd3867f000 	C:\WINDOWS\System32\USER32.dll
0x00007ffd36150000 - 0x00007ffd36170000 	C:\WINDOWS\System32\win32u.dll
0x00007ffd38a40000 - 0x00007ffd38a68000 	C:\WINDOWS\System32\GDI32.dll
0x00007ffd35200000 - 0x00007ffd35393000 	C:\WINDOWS\System32\gdi32full.dll
0x00007ffd353a0000 - 0x00007ffd3543b000 	C:\WINDOWS\System32\msvcp_win.dll
0x00007ffd35900000 - 0x00007ffd359f6000 	C:\WINDOWS\System32\ucrtbase.dll
0x00007ffd18490000 - 0x00007ffd186f9000 	C:\WINDOWS\WinSxS\amd64_microsoft.windows.common-controls_6595b64144ccf1df_6.0.16299.371_none_15c7d1789365a290\COMCTL32.dll
0x00007ffd38730000 - 0x00007ffd38a38000 	C:\WINDOWS\System32\combase.dll
0x00007ffd26650000 - 0x00007ffd2665a000 	C:\WINDOWS\SYSTEM32\VERSION.dll
0x00007ffd35440000 - 0x00007ffd354b2000 	C:\WINDOWS\System32\bcryptPrimitives.dll
0x00007ffd36900000 - 0x00007ffd3692d000 	C:\WINDOWS\System32\IMM32.DLL
0x00007ffd287c0000 - 0x00007ffd288af000 	C:\Program Files\Java\jre-9.0.1\bin\msvcr120.dll
0x00007ffd28710000 - 0x00007ffd287b6000 	C:\Program Files\Java\jre-9.0.1\bin\msvcp120.dll
0x00000000732b0000 - 0x0000000073cd4000 	C:\Program Files\Java\jre-9.0.1\bin\server\jvm.dll
0x00007ffd370a0000 - 0x00007ffd370a8000 	C:\WINDOWS\System32\PSAPI.DLL
0x00007ffd30040000 - 0x00007ffd30063000 	C:\WINDOWS\SYSTEM32\WINMM.dll
0x00007ffd26680000 - 0x00007ffd26689000 	C:\WINDOWS\SYSTEM32\WSOCK32.dll
0x00007ffd36d50000 - 0x00007ffd36dbc000 	C:\WINDOWS\System32\WS2_32.dll
0x00007ffd2ffe0000 - 0x00007ffd3000a000 	C:\WINDOWS\SYSTEM32\winmmbase.dll
0x00007ffd36170000 - 0x00007ffd361ba000 	C:\WINDOWS\System32\cfgmgr32.dll
0x00007ffd31fe0000 - 0x00007ffd31fef000 	C:\Program Files\Java\jre-9.0.1\bin\verify.dll
0x00007ffd2fb00000 - 0x00007ffd2fb27000 	C:\Program Files\Java\jre-9.0.1\bin\java.dll
0x00007ffd307f0000 - 0x00007ffd30806000 	C:\Program Files\Java\jre-9.0.1\bin\zip.dll
0x00007ffd31fd0000 - 0x00007ffd31fda000 	C:\Program Files\Java\jre-9.0.1\bin\jimage.dll
0x00007ffd370b0000 - 0x00007ffd384e6000 	C:\WINDOWS\System32\SHELL32.dll
0x00007ffd36a90000 - 0x00007ffd36b36000 	C:\WINDOWS\System32\shcore.dll
0x00007ffd35a00000 - 0x00007ffd36147000 	C:\WINDOWS\System32\windows.storage.dll
0x00007ffd36930000 - 0x00007ffd36981000 	C:\WINDOWS\System32\shlwapi.dll
0x00007ffd35140000 - 0x00007ffd35151000 	C:\WINDOWS\System32\kernel.appcore.dll
0x00007ffd350f0000 - 0x00007ffd3513c000 	C:\WINDOWS\System32\powrprof.dll
0x00007ffd35180000 - 0x00007ffd3519b000 	C:\WINDOWS\System32\profapi.dll
0x00007ffd30310000 - 0x00007ffd3032a000 	C:\Program Files\Java\jre-9.0.1\bin\net.dll
0x00007ffd2d990000 - 0x00007ffd2da6e000 	C:\WINDOWS\SYSTEM32\WINHTTP.dll
0x00007ffd34980000 - 0x00007ffd349e6000 	C:\WINDOWS\system32\mswsock.dll
0x00007ffd30290000 - 0x00007ffd302a1000 	C:\Program Files\Java\jre-9.0.1\bin\nio.dll
0x00007ffd20220000 - 0x00007ffd203b9000 	C:\Program Files\Java\jre-9.0.1\bin\awt.dll
0x00007ffd38a70000 - 0x00007ffd38b35000 	C:\WINDOWS\System32\OLEAUT32.dll
0x00007ffd314e0000 - 0x00007ffd31a98000 	C:\WINDOWS\SYSTEM32\d2d1.dll
0x00007ffd35730000 - 0x00007ffd358fe000 	C:\WINDOWS\System32\CRYPT32.dll
0x00007ffd35160000 - 0x00007ffd35172000 	C:\WINDOWS\System32\MSASN1.dll
0x00007ffd32520000 - 0x00007ffd325a8000 	C:\WINDOWS\SYSTEM32\apphelp.dll
0x00007ffd33340000 - 0x00007ffd3336a000 	C:\WINDOWS\system32\DWMAPI.DLL
0x00007ffd32650000 - 0x00007ffd326e5000 	C:\WINDOWS\system32\uxtheme.dll
0x00007ffd166d0000 - 0x00007ffd167ee000 	C:\WINDOWS\system32\opengl32.dll
0x00007ffd18460000 - 0x00007ffd1848c000 	C:\WINDOWS\SYSTEM32\GLU32.dll
0x00007ffd36be0000 - 0x00007ffd36d47000 	C:\WINDOWS\System32\MSCTF.dll
0x00007ffd36ef0000 - 0x00007ffd37039000 	C:\WINDOWS\System32\ole32.dll
0x00007ffd28520000 - 0x00007ffd285bd000 	C:\Program Files\Java\jre-9.0.1\bin\fontmanager.dll
0x00007ffd1ade0000 - 0x00007ffd1ae78000 	C:\WINDOWS\System32\TextInputFramework.dll
0x00007ffd2d570000 - 0x00007ffd2d85e000 	C:\WINDOWS\System32\CoreUIComponents.dll
0x00007ffd31d90000 - 0x00007ffd31e6c000 	C:\WINDOWS\System32\CoreMessaging.dll
0x00007ffd34220000 - 0x00007ffd34251000 	C:\WINDOWS\SYSTEM32\ntmarta.dll
0x00007ffd30840000 - 0x00007ffd30976000 	C:\WINDOWS\SYSTEM32\wintypes.dll
0x00007ffd33ba0000 - 0x00007ffd33d68000 	C:\WINDOWS\SYSTEM32\dbghelp.dll

VM Arguments:
jvm_args: -Dfile.encoding=UTF-8 
java_command: LP4.Login
java_class_path (initial): C:\Users\ASUS\Documents\GitHub\FFSE1702A.JavaCore\FFSE1702045\ASM10x10\bin;C:\Users\ASUS\Documents\GitHub\FFSE1702A.JavaCore\FFSE1702045\ASM10x10\libs\mysql-connector-java-5.1.46-bin.jar
Launcher Type: SUN_STANDARD

Logging:
Log output configuration:
#0: stdout all=warning uptime,level,tags
#1: stderr all=off uptime,level,tags

Environment Variables:
PATH=C:\ProgramData\Oracle\Java\javapath;C:\Program Files (x86)\Intel\iCLS Client\;C:\Program Files\Intel\iCLS Client\;C:\WINDOWS\system32;C:\WINDOWS;C:\WINDOWS\System32\Wbem;C:\WINDOWS\System32\WindowsPowerShell\v1.0\;C:\Program Files (x86)\Intel\Intel(R) Management Engine Components\DAL;C:\Program Files\Intel\Intel(R) Management Engine Components\DAL;C:\Program Files (x86)\Intel\Intel(R) Management Engine Components\IPT;C:\Program Files\Intel\Intel(R) Management Engine Components\IPT;C:\Program Files\Intel\WiFi\bin\;C:\Program Files\Common Files\Intel\WirelessCommon\;C:\Program Files\Git\cmd;C:\Users\ASUS\AppData\Local\Microsoft\WindowsApps;C:\Users\ASUS\AppData\Local\GitHubDesktop\bin
USERNAME=ASUS
OS=Windows_NT
PROCESSOR_IDENTIFIER=Intel64 Family 6 Model 142 Stepping 9, GenuineIntel



---------------  S Y S T E M  ---------------

OS: Windows 10 , 64 bit Build 16299 (10.0.16299.15)

CPU:total 4 (initial active 4) (2 cores per cpu, 2 threads per core) family 6 model 142 stepping 9, cmov, cx8, fxsr, mmx, sse, sse2, sse3, ssse3, sse4.1, sse4.2, popcnt, avx, avx2, aes, clmul, erms, 3dnowpref, lzcnt, ht, tsc, tscinvbit, bmi1, bmi2, adx, fma

Memory: 4k page, physical 4072968k(382544k free), swap 16655880k(3256k free)

vm_info: Java HotSpot(TM) 64-Bit Server VM (9.0.1+11) for windows-amd64 JRE (9.0.1+11), built on Sep 28 2017 04:54:03 by "mach5one" with MS VC++ 12.0 (VS2013)

END.
