#
# There is insufficient memory for the Java Runtime Environment to continue.
# Native memory allocation (malloc) failed to allocate 32744 bytes for ChunkPool::allocate
# Possible reasons:
#   The system is out of physical RAM or swap space
#   The process is running with CompressedOops enabled, and the Java Heap may be blocking the growth of the native heap
# Possible solutions:
#   Reduce memory load on the system
#   Increase physical memory or swap space
#   Check if swap backing store is full
#   Decrease Java heap size (-Xmx/-Xms)
#   Decrease number of Java threads
#   Decrease Java thread stack sizes (-Xss)
#   Set larger code cache with -XX:ReservedCodeCacheSize=
#   JVM is running with Unscaled Compressed Oops mode in which the Java heap is
#     placed in the first 4GB address space. The Java Heap base address is the
#     maximum limit for the native heap growth. Please use -XX:HeapBaseMinAddress
#     to set the Java Heap base and to place the Java Heap above 4GB virtual address.
# This output file may be truncated or incomplete.
#
#  Out of Memory Error (t:/workspace/hotspot/src/share/vm/memory/allocation.cpp:256), pid=18668, tid=18692
#
# JRE version: Java(TM) SE Runtime Environment (9.0+11) (build 9.0.1+11)
# Java VM: Java HotSpot(TM) 64-Bit Server VM (9.0.1+11, mixed mode, tiered, compressed oops, g1 gc, windows-amd64)
# No core dump will be written. Minidumps are not enabled by default on client versions of Windows
#

---------------  S U M M A R Y ------------

Command Line: -Dfile.encoding=UTF-8 LP4.Login

Host: Intel(R) Core(TM) i5-7200U CPU @ 2.50GHz, 4 cores, 3G,  Windows 10 , 64 bit Build 16299 (10.0.16299.15)
Time: Sat Apr 28 20:22:20 2018 SE Asia Standard Time elapsed time: 5 seconds (0d 0h 0m 5s)

---------------  T H R E A D  ---------------

Current thread (0x000002a32da34000):  JavaThread "C2 CompilerThread1" daemon [_thread_in_native, id=18692, stack(0x000000e8dcb00000,0x000000e8dcc00000)]


Current CompileTask:
C2:   5570 1815   !   4       javax.swing.UIDefaults::getFromHashtable (239 bytes)

Stack: [0x000000e8dcb00000,0x000000e8dcc00000]
Native frames: (J=compiled Java code, j=interpreted, Vv=VM code, C=native code)
V  [jvm.dll+0x5870b8]
V  [jvm.dll+0x69c0ee]
V  [jvm.dll+0x69d00a]
V  [jvm.dll+0x69d643]
V  [jvm.dll+0x21d148]
V  [jvm.dll+0xa81ed]
V  [jvm.dll+0xa7cba]
V  [jvm.dll+0xa85ac]
V  [jvm.dll+0x5d5e8c]
V  [jvm.dll+0x17b478]
V  [jvm.dll+0x1e9acd]
V  [jvm.dll+0x1e8c66]
V  [jvm.dll+0x1691bb]
V  [jvm.dll+0x1f64f0]
V  [jvm.dll+0x1f5176]
V  [jvm.dll+0x66b2df]
V  [jvm.dll+0x5864e0]
C  [msvcr120.dll+0x24f7f]
C  [msvcr120.dll+0x25126]
C  [KERNEL32.DLL+0x11fe4]
C  [ntdll.dll+0x6f061]


---------------  P R O C E S S  ---------------

Java Threads: ( => current thread )
  0x000002a32fe3e800 JavaThread "Image Fetcher 1" daemon [_thread_blocked, id=17304, stack(0x000000e8dda00000,0x000000e8ddb00000)]
  0x000002a32fda4000 JavaThread "Abandoned connection cleanup thread" daemon [_thread_blocked, id=19036, stack(0x000000e8dd900000,0x000000e8dda00000)]
  0x000002a32dd12800 JavaThread "TimerQueue" daemon [_thread_blocked, id=19300, stack(0x000000e8dd800000,0x000000e8dd900000)]
  0x000002a310aad800 JavaThread "DestroyJavaVM" [_thread_blocked, id=18908, stack(0x000000e8db800000,0x000000e8db900000)]
  0x000002a32e9e9000 JavaThread "Image Fetcher 0" daemon [_thread_blocked, id=16856, stack(0x000000e8dd500000,0x000000e8dd600000)]
  0x000002a32e444800 JavaThread "AWT-EventQueue-0" [_thread_in_native, id=19288, stack(0x000000e8dd400000,0x000000e8dd500000)]
  0x000002a32df77800 JavaThread "AWT-Windows" daemon [_thread_in_native, id=18120, stack(0x000000e8dd300000,0x000000e8dd400000)]
  0x000002a32df76800 JavaThread "AWT-Shutdown" [_thread_blocked, id=17188, stack(0x000000e8dd200000,0x000000e8dd300000)]
  0x000002a32df7c800 JavaThread "Java2D Disposer" daemon [_thread_blocked, id=18732, stack(0x000000e8dd100000,0x000000e8dd200000)]
  0x000002a32dc73000 JavaThread "Service Thread" daemon [_thread_blocked, id=18708, stack(0x000000e8dcf00000,0x000000e8dd000000)]
  0x000002a32da92800 JavaThread "Common-Cleaner" daemon [_thread_blocked, id=19012, stack(0x000000e8dce00000,0x000000e8dcf00000)]
  0x000002a32da39800 JavaThread "Sweeper thread" daemon [_thread_blocked, id=18888, stack(0x000000e8dcd00000,0x000000e8dce00000)]
  0x000002a32da35000 JavaThread "C1 CompilerThread2" daemon [_thread_in_native, id=6580, stack(0x000000e8dcc00000,0x000000e8dcd00000)]
=>0x000002a32da34000 JavaThread "C2 CompilerThread1" daemon [_thread_in_native, id=18692, stack(0x000000e8dcb00000,0x000000e8dcc00000)]
  0x000002a32d9cc800 JavaThread "C2 CompilerThread0" daemon [_thread_in_native, id=18792, stack(0x000000e8dca00000,0x000000e8dcb00000)]
  0x000002a32d9c9800 JavaThread "Attach Listener" daemon [_thread_blocked, id=18620, stack(0x000000e8dc900000,0x000000e8dca00000)]
  0x000002a32d9c9000 JavaThread "Signal Dispatcher" daemon [_thread_blocked, id=18564, stack(0x000000e8dc800000,0x000000e8dc900000)]
  0x000002a32d985000 JavaThread "Finalizer" daemon [_thread_blocked, id=17724, stack(0x000000e8dc600000,0x000000e8dc700000)]
  0x000002a32d983000 JavaThread "Reference Handler" daemon [_thread_blocked, id=18644, stack(0x000000e8dc500000,0x000000e8dc600000)]

Other Threads:
  0x000002a32d97f000 VMThread "VM Thread" [stack: 0x000000e8dc400000,0x000000e8dc500000] [id=18480]
  0x000002a32dc75800 WatcherThread [stack: 0x000000e8dd000000,0x000000e8dd100000] [id=18736]
  0x000002a310ac3800 GCTaskThread "GC Thread#0" [stack: 0x000000e8db900000,0x000000e8dba00000] [id=17908]
  0x000002a310ac5000 GCTaskThread "GC Thread#1" [stack: 0x000000e8dba00000,0x000000e8dbb00000] [id=3316]
  0x000002a310ac7800 GCTaskThread "GC Thread#2" [stack: 0x000000e8dbb00000,0x000000e8dbc00000] [id=18536]
  0x000002a310ace000 GCTaskThread "GC Thread#3" [stack: 0x000000e8dbc00000,0x000000e8dbd00000] [id=19360]
  0x000002a310b10800 ConcurrentGCThread "G1 Main Marker" [stack: 0x000000e8dc200000,0x000000e8dc300000] [id=18812]
  0x000002a310acd000 ConcurrentGCThread "G1 Marker#0" [stack: 0x000000e8dc300000,0x000000e8dc400000] [id=18672]
  0x000002a310adb000 ConcurrentGCThread "G1 Refine#0" [stack: 0x000000e8dc000000,0x000000e8dc100000] [id=18524]
  0x000002a310ad8800 ConcurrentGCThread "G1 Refine#1" [stack: 0x000000e8dbf00000,0x000000e8dc000000] [id=17428]
  0x000002a310ad7800 ConcurrentGCThread "G1 Refine#2" [stack: 0x000000e8dbe00000,0x000000e8dbf00000] [id=18604]
  0x000002a310ad3000 ConcurrentGCThread "G1 Refine#3" [stack: 0x000000e8dbd00000,0x000000e8dbe00000] [id=16588]
  0x000002a310adc800 ConcurrentGCThread "G1 Young RemSet Sampling" [stack: 0x000000e8dc100000,0x000000e8dc200000] [id=18208]

Threads with active compile tasks:
C1 CompilerThread21833       3       sun.nio.cs.UTF_8$Decoder::decodeArrayLoop (691 bytes)
C2 CompilerThread11815   !   4       javax.swing.UIDefaults::getFromHashtable (239 bytes)
C2 CompilerThread01863       4       jdk.internal.reflect.ByteVectorImpl::add (38 bytes)

VM state:not at safepoint (normal execution)

VM Mutex/Monitor currently owned by a thread: None

Heap address: 0x00000000c1c00000, size: 996 MB, Compressed Oops mode: 32-bit
Narrow klass base: 0x0000000000000000, Narrow klass shift: 3
Compressed class space size: 1073741824 Address: 0x0000000100000000

Heap:
 garbage-first heap   total 65536K, used 23734K [0x00000000c1c00000, 0x00000000c1d00200, 0x0000000100000000)
  region size 1024K, 10 young (10240K), 2 survivors (2048K)
 Metaspace       used 19784K, capacity 20772K, committed 20992K, reserved 1067008K
  class space    used 2344K, capacity 2555K, committed 2560K, reserved 1048576K
Heap Regions: E=young(eden), S=young(survivor), O=old, HS=humongous(starts), HC=humongous(continues), CS=collection set, F=free, A=archive, TS=gc time stamp, AC=allocation context, TAMS=top-at-mark-start (previous, next)
|   0|0x00000000c1c00000, 0x00000000c1d00000, 0x00000000c1d00000|100%|HS|  |TS  0|AC  0|TAMS 0x00000000c1c00000, 0x00000000c1c00000|
|   1|0x00000000c1d00000, 0x00000000c1e00000, 0x00000000c1e00000|100%|HC|  |TS  0|AC  0|TAMS 0x00000000c1d00000, 0x00000000c1d00000|
|   2|0x00000000c1e00000, 0x00000000c1f00000, 0x00000000c1f00000|100%| O|  |TS  3|AC  0|TAMS 0x00000000c1e00000, 0x00000000c1e00000|
|   3|0x00000000c1f00000, 0x00000000c2000000, 0x00000000c2000000|100%|HS|  |TS  0|AC  0|TAMS 0x00000000c1f00000, 0x00000000c1f00000|
|   4|0x00000000c2000000, 0x00000000c2100000, 0x00000000c2100000|100%|HC|  |TS  0|AC  0|TAMS 0x00000000c2000000, 0x00000000c2000000|
|   5|0x00000000c2100000, 0x00000000c2200000, 0x00000000c2200000|100%|HC|  |TS  0|AC  0|TAMS 0x00000000c2100000, 0x00000000c2100000|
|   6|0x00000000c2200000, 0x00000000c2300000, 0x00000000c2300000|100%| O|  |TS  3|AC  0|TAMS 0x00000000c2200000, 0x00000000c2200000|
|   7|0x00000000c2300000, 0x00000000c2400000, 0x00000000c2400000|100%| O|  |TS  3|AC  0|TAMS 0x00000000c2300000, 0x00000000c2300000|
|   8|0x00000000c2400000, 0x00000000c242da00, 0x00000000c2500000| 17%| O|  |TS  3|AC  0|TAMS 0x00000000c2400000, 0x00000000c2400000|
|   9|0x00000000c2500000, 0x00000000c2600000, 0x00000000c2600000|100%|HS|  |TS  0|AC  0|TAMS 0x00000000c2500000, 0x00000000c2500000|
|  10|0x00000000c2600000, 0x00000000c2700000, 0x00000000c2700000|100%|HC|  |TS  0|AC  0|TAMS 0x00000000c2600000, 0x00000000c2600000|
|  11|0x00000000c2700000, 0x00000000c2800000, 0x00000000c2800000|100%|HS|  |TS  0|AC  0|TAMS 0x00000000c2700000, 0x00000000c2700000|
|  12|0x00000000c2800000, 0x00000000c2900000, 0x00000000c2900000|100%|HC|  |TS  0|AC  0|TAMS 0x00000000c2800000, 0x00000000c2800000|
|  13|0x00000000c2900000, 0x00000000c2a00000, 0x00000000c2a00000|100%|HS|  |TS  0|AC  0|TAMS 0x00000000c2900000, 0x00000000c2900000|
|  14|0x00000000c2a00000, 0x00000000c2b00000, 0x00000000c2b00000|100%|HC|  |TS  0|AC  0|TAMS 0x00000000c2a00000, 0x00000000c2a00000|
|  15|0x00000000c2b00000, 0x00000000c2b00000, 0x00000000c2c00000|  0%| F|  |TS  0|AC  0|TAMS 0x00000000c2b00000, 0x00000000c2b00000|
|  16|0x00000000c2c00000, 0x00000000c2c00000, 0x00000000c2d00000|  0%| F|  |TS  0|AC  0|TAMS 0x00000000c2c00000, 0x00000000c2c00000|
|  17|0x00000000c2d00000, 0x00000000c2d00000, 0x00000000c2e00000|  0%| F|  |TS  0|AC  0|TAMS 0x00000000c2d00000, 0x00000000c2d00000|
|  18|0x00000000c2e00000, 0x00000000c2e00000, 0x00000000c2f00000|  0%| F|  |TS  0|AC  0|TAMS 0x00000000c2e00000, 0x00000000c2e00000|
|  19|0x00000000c2f00000, 0x00000000c2f00000, 0x00000000c3000000|  0%| F|  |TS  0|AC  0|TAMS 0x00000000c2f00000, 0x00000000c2f00000|
|  20|0x00000000c3000000, 0x00000000c3000000, 0x00000000c3100000|  0%| F|  |TS  0|AC  0|TAMS 0x00000000c3000000, 0x00000000c3000000|
|  21|0x00000000c3100000, 0x00000000c3100000, 0x00000000c3200000|  0%| F|  |TS  0|AC  0|TAMS 0x00000000c3100000, 0x00000000c3100000|
|  22|0x00000000c3200000, 0x00000000c3200000, 0x00000000c3300000|  0%| F|  |TS  0|AC  0|TAMS 0x00000000c3200000, 0x00000000c3200000|
|  23|0x00000000c3300000, 0x00000000c3300000, 0x00000000c3400000|  0%| F|  |TS  0|AC  0|TAMS 0x00000000c3300000, 0x00000000c3300000|
|  24|0x00000000c3400000, 0x00000000c3400000, 0x00000000c3500000|  0%| F|  |TS  0|AC  0|TAMS 0x00000000c3400000, 0x00000000c3400000|
|  25|0x00000000c3500000, 0x00000000c3500000, 0x00000000c3600000|  0%| F|  |TS  0|AC  0|TAMS 0x00000000c3500000, 0x00000000c3500000|
|  26|0x00000000c3600000, 0x00000000c3600000, 0x00000000c3700000|  0%| F|  |TS  0|AC  0|TAMS 0x00000000c3600000, 0x00000000c3600000|
|  27|0x00000000c3700000, 0x00000000c3700000, 0x00000000c3800000|  0%| F|  |TS  0|AC  0|TAMS 0x00000000c3700000, 0x00000000c3700000|
|  28|0x00000000c3800000, 0x00000000c3800000, 0x00000000c3900000|  0%| F|  |TS  0|AC  0|TAMS 0x00000000c3800000, 0x00000000c3800000|
|  29|0x00000000c3900000, 0x00000000c3900000, 0x00000000c3a00000|  0%| F|  |TS  0|AC  0|TAMS 0x00000000c3900000, 0x00000000c3900000|
|  30|0x00000000c3a00000, 0x00000000c3a00000, 0x00000000c3b00000|  0%| F|  |TS  0|AC  0|TAMS 0x00000000c3a00000, 0x00000000c3a00000|
|  31|0x00000000c3b00000, 0x00000000c3b00000, 0x00000000c3c00000|  0%| F|  |TS  0|AC  0|TAMS 0x00000000c3b00000, 0x00000000c3b00000|
|  32|0x00000000c3c00000, 0x00000000c3c00000, 0x00000000c3d00000|  0%| F|  |TS  0|AC  0|TAMS 0x00000000c3c00000, 0x00000000c3c00000|
|  33|0x00000000c3d00000, 0x00000000c3d00000, 0x00000000c3e00000|  0%| F|  |TS  0|AC  0|TAMS 0x00000000c3d00000, 0x00000000c3d00000|
|  34|0x00000000c3e00000, 0x00000000c3e00000, 0x00000000c3f00000|  0%| F|  |TS  0|AC  0|TAMS 0x00000000c3e00000, 0x00000000c3e00000|
|  35|0x00000000c3f00000, 0x00000000c3f00000, 0x00000000c4000000|  0%| F|  |TS  0|AC  0|TAMS 0x00000000c3f00000, 0x00000000c3f00000|
|  36|0x00000000c4000000, 0x00000000c4000000, 0x00000000c4100000|  0%| F|  |TS  0|AC  0|TAMS 0x00000000c4000000, 0x00000000c4000000|
|  37|0x00000000c4100000, 0x00000000c4100000, 0x00000000c4200000|  0%| F|  |TS  0|AC  0|TAMS 0x00000000c4100000, 0x00000000c4100000|
|  38|0x00000000c4200000, 0x00000000c4200000, 0x00000000c4300000|  0%| F|  |TS  0|AC  0|TAMS 0x00000000c4200000, 0x00000000c4200000|
|  39|0x00000000c4300000, 0x00000000c4300000, 0x00000000c4400000|  0%| F|  |TS  0|AC  0|TAMS 0x00000000c4300000, 0x00000000c4300000|
|  40|0x00000000c4400000, 0x00000000c4400000, 0x00000000c4500000|  0%| F|  |TS  0|AC  0|TAMS 0x00000000c4400000, 0x00000000c4400000|
|  41|0x00000000c4500000, 0x00000000c4500000, 0x00000000c4600000|  0%| F|  |TS  0|AC  0|TAMS 0x00000000c4500000, 0x00000000c4500000|
|  42|0x00000000c4600000, 0x00000000c4600000, 0x00000000c4700000|  0%| F|  |TS  0|AC  0|TAMS 0x00000000c4600000, 0x00000000c4600000|
|  43|0x00000000c4700000, 0x00000000c4700000, 0x00000000c4800000|  0%| F|  |TS  0|AC  0|TAMS 0x00000000c4700000, 0x00000000c4700000|
|  44|0x00000000c4800000, 0x00000000c4800000, 0x00000000c4900000|  0%| F|  |TS  0|AC  0|TAMS 0x00000000c4800000, 0x00000000c4800000|
|  45|0x00000000c4900000, 0x00000000c4900000, 0x00000000c4a00000|  0%| F|  |TS  0|AC  0|TAMS 0x00000000c4900000, 0x00000000c4900000|
|  46|0x00000000c4a00000, 0x00000000c4a00000, 0x00000000c4b00000|  0%| F|  |TS  0|AC  0|TAMS 0x00000000c4a00000, 0x00000000c4a00000|
|  47|0x00000000c4b00000, 0x00000000c4b00000, 0x00000000c4c00000|  0%| F|  |TS  0|AC  0|TAMS 0x00000000c4b00000, 0x00000000c4b00000|
|  48|0x00000000c4c00000, 0x00000000c4c00000, 0x00000000c4d00000|  0%| F|  |TS  3|AC  0|TAMS 0x00000000c4c00000, 0x00000000c4c00000|
|  49|0x00000000c4d00000, 0x00000000c4d00000, 0x00000000c4e00000|  0%| F|  |TS  3|AC  0|TAMS 0x00000000c4d00000, 0x00000000c4d00000|
|  50|0x00000000c4e00000, 0x00000000c4e00000, 0x00000000c4f00000|  0%| F|  |TS  1|AC  0|TAMS 0x00000000c4e00000, 0x00000000c4e00000|
|  51|0x00000000c4f00000, 0x00000000c5000000, 0x00000000c5000000|100%| S|CS|TS  3|AC  0|TAMS 0x00000000c4f00000, 0x00000000c4f00000|
|  52|0x00000000c5000000, 0x00000000c5100000, 0x00000000c5100000|100%| S|CS|TS  3|AC  0|TAMS 0x00000000c5000000, 0x00000000c5000000|
|  53|0x00000000c5100000, 0x00000000c5100000, 0x00000000c5200000|  0%| F|  |TS  3|AC  0|TAMS 0x00000000c5100000, 0x00000000c5100000|
|  54|0x00000000c5200000, 0x00000000c5200000, 0x00000000c5300000|  0%| F|  |TS  3|AC  0|TAMS 0x00000000c5200000, 0x00000000c5200000|
|  55|0x00000000c5300000, 0x00000000c5300000, 0x00000000c5400000|  0%| F|  |TS  3|AC  0|TAMS 0x00000000c5300000, 0x00000000c5300000|
|  56|0x00000000c5400000, 0x00000000c54a9150, 0x00000000c5500000| 66%| E|  |TS  3|AC  0|TAMS 0x00000000c5400000, 0x00000000c5400000|
|  57|0x00000000c5500000, 0x00000000c5600000, 0x00000000c5600000|100%| E|CS|TS  3|AC  0|TAMS 0x00000000c5500000, 0x00000000c5500000|
|  58|0x00000000c5600000, 0x00000000c5700000, 0x00000000c5700000|100%| E|CS|TS  3|AC  0|TAMS 0x00000000c5600000, 0x00000000c5600000|
|  59|0x00000000c5700000, 0x00000000c5800000, 0x00000000c5800000|100%| E|CS|TS  3|AC  0|TAMS 0x00000000c5700000, 0x00000000c5700000|
|  60|0x00000000c5800000, 0x00000000c5900000, 0x00000000c5900000|100%| E|CS|TS  3|AC  0|TAMS 0x00000000c5800000, 0x00000000c5800000|
|  61|0x00000000c5900000, 0x00000000c5a00000, 0x00000000c5a00000|100%| E|CS|TS  3|AC  0|TAMS 0x00000000c5900000, 0x00000000c5900000|
|  62|0x00000000c5a00000, 0x00000000c5b00000, 0x00000000c5b00000|100%| E|CS|TS  3|AC  0|TAMS 0x00000000c5a00000, 0x00000000c5a00000|
|  63|0x00000000c5b00000, 0x00000000c5c00000, 0x00000000c5c00000|100%| E|CS|TS  3|AC  0|TAMS 0x00000000c5b00000, 0x00000000c5b00000|

Card table byte_map: [0x000002a3288e0000,0x000002a328ae0000] byte_map_base: 0x000002a3282d2000

Marking Bits (Prev, Next): (CMBitMap*) 0x000002a310b0ff60, (CMBitMap*) 0x000002a310b0ff98
 Prev Bits: [0x000002a328ce0000, 0x000002a329c70000)
 Next Bits: [0x000002a329c70000, 0x000002a32ac00000)

Polling page: 0x000002a30e8a0000

CodeHeap 'non-profiled nmethods': size=120064Kb used=706Kb max_used=706Kb free=119357Kb
 bounds [0x000002a320980000, 0x000002a320bf0000, 0x000002a327ec0000]
CodeHeap 'profiled nmethods': size=120000Kb used=3549Kb max_used=3549Kb free=116450Kb
 bounds [0x000002a319450000, 0x000002a3197d0000, 0x000002a320980000]
CodeHeap 'non-nmethods': size=5696Kb used=1413Kb max_used=1433Kb free=4282Kb
 bounds [0x000002a318ec0000, 0x000002a319130000, 0x000002a319450000]
 total_blobs=2835 nmethods=1832 adapters=583
 compilation: enabled

Compilation events (10 events):
Event: 5.559 Thread 0x000002a32da35000 nmethod 1822 0x000002a3197c3c90 code [0x000002a3197c3f60, 0x000002a3197c5370]
Event: 5.559 Thread 0x000002a32da35000 1829  s    3       java.util.Properties::setProperty (7 bytes)
Event: 5.559 Thread 0x000002a32da35000 nmethod 1829 0x000002a3197c5810 code [0x000002a3197c59c0, 0x000002a3197c5d30]
Event: 5.559 Thread 0x000002a32da35000 1830       3       java.nio.HeapByteBuffer::get (54 bytes)
Event: 5.560 Thread 0x000002a32da35000 nmethod 1830 0x000002a3197c5e10 code [0x000002a3197c6040, 0x000002a3197c6840]
Event: 5.560 Thread 0x000002a32da35000 1823       3       java.lang.StringBuilder::<init> (6 bytes)
Event: 5.560 Thread 0x000002a32da35000 nmethod 1823 0x000002a3197c6b10 code [0x000002a3197c6cc0, 0x000002a3197c6e50]
Event: 5.560 Thread 0x000002a32da35000 1831       3       com.mysql.jdbc.Buffer::readFieldLength (76 bytes)
Event: 5.560 Thread 0x000002a32da35000 nmethod 1831 0x000002a3197c6f10 code [0x000002a3197c70e0, 0x000002a3197c74f0]
Event: 5.560 Thread 0x000002a32da35000 1833       3       sun.nio.cs.UTF_8$Decoder::decodeArrayLoop (691 bytes)

GC Heap History (4 events):
Event: 1.004 GC heap before
{Heap before GC invocations=0 (full 0):
 garbage-first heap   total 65536K, used 16384K [0x00000000c1c00000, 0x00000000c1d00200, 0x0000000100000000)
  region size 1024K, 14 young (14336K), 0 survivors (0K)
 Metaspace       used 13076K, capacity 13916K, committed 14080K, reserved 1060864K
  class space    used 1564K, capacity 1750K, committed 1792K, reserved 1048576K
}
Event: 1.009 GC heap after
{Heap after GC invocations=1 (full 0):
 garbage-first heap   total 65536K, used 4812K [0x00000000c1c00000, 0x00000000c1d00200, 0x0000000100000000)
  region size 1024K, 2 young (2048K), 2 survivors (2048K)
 Metaspace       used 13076K, capacity 13916K, committed 14080K, reserved 1060864K
  class space    used 1564K, capacity 1750K, committed 1792K, reserved 1048576K
}
Event: 5.228 GC heap before
{Heap before GC invocations=1 (full 0):
 garbage-first heap   total 65536K, used 19148K [0x00000000c1c00000, 0x00000000c1d00200, 0x0000000100000000)
  region size 1024K, 13 young (13312K), 2 survivors (2048K)
 Metaspace       used 16739K, capacity 17620K, committed 17792K, reserved 1064960K
  class space    used 1938K, capacity 2151K, committed 2176K, reserved 1048576K
}
Event: 5.234 GC heap after
{Heap after GC invocations=2 (full 0):
 garbage-first heap   total 65536K, used 10422K [0x00000000c1c00000, 0x00000000c1d00200, 0x0000000100000000)
  region size 1024K, 2 young (2048K), 2 survivors (2048K)
 Metaspace       used 16739K, capacity 17620K, committed 17792K, reserved 1064960K
  class space    used 1938K, capacity 2151K, committed 2176K, reserved 1048576K
}

Deoptimization events (9 events):
Event: 0.726 Thread 0x000002a310aad800 Uncommon trap: reason=unstable_if action=reinterpret pc=0x000002a32099649c method=java.lang.String.equals(Ljava/lang/Object;)Z @ 27 c2
Event: 0.935 Thread 0x000002a32e444800 Uncommon trap: reason=unstable_if action=reinterpret pc=0x000002a3209d1784 method=java.lang.StringLatin1.toLowerCase(Ljava/lang/String;[BLjava/util/Locale;)Ljava/lang/String; @ 40 c2
Event: 0.980 Thread 0x000002a32e444800 Uncommon trap: reason=unstable_if action=reinterpret pc=0x000002a3209d0960 method=java.lang.CharacterData.of(I)Ljava/lang/CharacterData; @ 4 c2
Event: 2.566 Thread 0x000002a32e444800 Uncommon trap: reason=class_check action=maybe_recompile pc=0x000002a3209d7538 method=java.lang.String.equals(Ljava/lang/Object;)Z @ 8 c2
Event: 2.567 Thread 0x000002a32e444800 Uncommon trap: reason=class_check action=maybe_recompile pc=0x000002a3209d7538 method=java.lang.String.equals(Ljava/lang/Object;)Z @ 8 c2
Event: 2.615 Thread 0x000002a32e444800 Uncommon trap: reason=class_check action=maybe_recompile pc=0x000002a3209d7538 method=java.lang.String.equals(Ljava/lang/Object;)Z @ 8 c2
Event: 2.615 Thread 0x000002a32e444800 Uncommon trap: reason=class_check action=maybe_recompile pc=0x000002a3209d7538 method=java.lang.String.equals(Ljava/lang/Object;)Z @ 8 c2
Event: 5.180 Thread 0x000002a32e444800 Uncommon trap: reason=class_check action=maybe_recompile pc=0x000002a3209c4570 method=java.util.HashMap.putVal(ILjava/lang/Object;Ljava/lang/Object;ZZ)Ljava/lang/Object; @ 203 c2
Event: 5.260 Thread 0x000002a32e444800 Uncommon trap: reason=unstable_if action=reinterpret pc=0x000002a3209fc894 method=java.lang.String.<init>([CIILjava/lang/Void;)V @ 5 c2

Classes redefined (0 events):
No events

Internal exceptions (10 events):
Event: 0.642 Thread 0x000002a310aad800 Exception <a 'java/lang/NoSuchMethodError'{0x00000000c53a2358}: java.lang.invoke.DirectMethodHandle$Holder.invokeStatic(Ljava/lang/Object;Ljava/lang/Object;Ljava/lang/Object;Ljava/lang/Object;Ljava/lang/Object;Ljava/lang/Object;Ljava/lang/Object;Ljava/lan
Event: 0.644 Thread 0x000002a310aad800 Exception <a 'java/lang/NoSuchMethodError'{0x00000000c53c0af8}: java.lang.invoke.DirectMethodHandle$Holder.invokeStatic(Ljava/lang/Object;Ljava/lang/Object;Ljava/lang/Object;Ljava/lang/Object;Ljava/lang/Object;Ljava/lang/Object;Ljava/lang/Object;Ljava/lan
Event: 0.646 Thread 0x000002a310aad800 Exception <a 'java/lang/NoSuchMethodError'{0x00000000c53e0218}: java.lang.invoke.DirectMethodHandle$Holder.invokeStatic(Ljava/lang/Object;Ljava/lang/Object;Ljava/lang/Object;Ljava/lang/Object;Ljava/lang/Object;Ljava/lang/Object;Ljava/lang/Object;Ljava/lan
Event: 0.740 Thread 0x000002a32e9e9000 Exception <a 'java/lang/NoSuchMethodError'{0x00000000c524c5a0}: method resolution failed> (0x00000000c524c5a0) thrown at [t:/workspace/hotspot/src/share/vm/prims/methodHandles.cpp, line 1256]
Event: 0.741 Thread 0x000002a32e9e9000 Exception <a 'java/lang/NoSuchMethodError'{0x00000000c5254530}: method resolution failed> (0x00000000c5254530) thrown at [t:/workspace/hotspot/src/share/vm/prims/methodHandles.cpp, line 1256]
Event: 0.779 Thread 0x000002a32e444800 Exception <a 'java/lang/NoSuchMethodError'{0x00000000c50ab638}: java.lang.invoke.DirectMethodHandle$Holder.invokeStatic(Ljava/lang/Object;Ljava/lang/Object;Ljava/lang/Object;Ljava/lang/Object;Ljava/lang/Object;Ljava/lang/Object;Ljava/lang/Object;Ljava/lan
Event: 0.894 Thread 0x000002a32e444800 Exception <a 'java/io/FileNotFoundException'{0x00000000c4f47c88}> (0x00000000c4f47c88) thrown at [t:/workspace/hotspot/src/share/vm/prims/jni.cpp, line 604]
Event: 0.956 Thread 0x000002a32e444800 Exception <a 'java/io/FileNotFoundException'{0x00000000c4e06770}> (0x00000000c4e06770) thrown at [t:/workspace/hotspot/src/share/vm/prims/jni.cpp, line 604]
Event: 5.060 Thread 0x000002a32e444800 Exception <a 'java/lang/NoSuchMethodError'{0x00000000c56591b0}: java.lang.invoke.DirectMethodHandle$Holder.invokeInterface(Ljava/lang/Object;Ljava/lang/Object;)Ljava/lang/Object;> (0x00000000c56591b0) thrown at [t:/workspace/hotspot/src/share/vm/interpret
Event: 5.062 Thread 0x000002a32e444800 Exception <a 'java/lang/NoSuchMethodError'{0x00000000c5662418}: java.lang.invoke.DirectMethodHandle$Holder.invokeInterface(Ljava/lang/Object;Ljava/lang/Object;Ljava/lang/Object;)I> (0x00000000c5662418) thrown at [t:/workspace/hotspot/src/share/vm/interpre

Events (10 events):
Event: 5.540 loading class javax/swing/event/SwingPropertyChangeSupport
Event: 5.540 loading class javax/swing/event/SwingPropertyChangeSupport done
Event: 5.545 Executing VM operation: BulkRevokeBias
Event: 5.546 Executing VM operation: BulkRevokeBias done
Event: 5.551 loading class javax/swing/table/TableColumn
Event: 5.551 loading class javax/swing/table/TableColumn done
Event: 5.551 loading class javax/swing/event/TableColumnModelEvent
Event: 5.551 loading class javax/swing/event/TableColumnModelEvent done
Event: 5.553 loading class LP4/MonHoc
Event: 5.553 loading class LP4/MonHoc done


Dynamic libraries:
0x00007ff6ba170000 - 0x00007ff6ba1ae000 	C:\Program Files\Java\jre-9.0.1\bin\javaw.exe
0x00007ffd0a250000 - 0x00007ffd0a430000 	C:\WINDOWS\SYSTEM32\ntdll.dll
0x00007ffd07b40000 - 0x00007ffd07bee000 	C:\WINDOWS\System32\KERNEL32.DLL
0x00007ffd06eb0000 - 0x00007ffd07116000 	C:\WINDOWS\System32\KERNELBASE.dll
0x00007ffd07e10000 - 0x00007ffd07eb1000 	C:\WINDOWS\System32\ADVAPI32.dll
0x00007ffd07720000 - 0x00007ffd077bd000 	C:\WINDOWS\System32\msvcrt.dll
0x00007ffd098c0000 - 0x00007ffd0991b000 	C:\WINDOWS\System32\sechost.dll
0x00007ffd09b00000 - 0x00007ffd09c1f000 	C:\WINDOWS\System32\RPCRT4.dll
0x00007ffd07bf0000 - 0x00007ffd07d7f000 	C:\WINDOWS\System32\USER32.dll
0x00007ffd06740000 - 0x00007ffd06760000 	C:\WINDOWS\System32\win32u.dll
0x00007ffd097c0000 - 0x00007ffd097e8000 	C:\WINDOWS\System32\GDI32.dll
0x00007ffd07450000 - 0x00007ffd075e3000 	C:\WINDOWS\System32\gdi32full.dll
0x00007ffd066a0000 - 0x00007ffd0673b000 	C:\WINDOWS\System32\msvcp_win.dll
0x00007ffd07350000 - 0x00007ffd07446000 	C:\WINDOWS\System32\ucrtbase.dll
0x00007ffce9590000 - 0x00007ffce97f9000 	C:\WINDOWS\WinSxS\amd64_microsoft.windows.common-controls_6595b64144ccf1df_6.0.16299.371_none_15c7d1789365a290\COMCTL32.dll
0x00007ffcf7b10000 - 0x00007ffcf7b1a000 	C:\WINDOWS\SYSTEM32\VERSION.dll
0x00007ffd077c0000 - 0x00007ffd07ac8000 	C:\WINDOWS\System32\combase.dll
0x00007ffd076a0000 - 0x00007ffd07712000 	C:\WINDOWS\System32\bcryptPrimitives.dll
0x00007ffd07d80000 - 0x00007ffd07dad000 	C:\WINDOWS\System32\IMM32.DLL
0x00007ffcf9350000 - 0x00007ffcf943f000 	C:\Program Files\Java\jre-9.0.1\bin\msvcr120.dll
0x00007ffcf64c0000 - 0x00007ffcf6566000 	C:\Program Files\Java\jre-9.0.1\bin\msvcp120.dll
0x0000000050fb0000 - 0x00000000519d4000 	C:\Program Files\Java\jre-9.0.1\bin\server\jvm.dll
0x00007ffd0a070000 - 0x00007ffd0a078000 	C:\WINDOWS\System32\PSAPI.DLL
0x00007ffcf7b70000 - 0x00007ffcf7b79000 	C:\WINDOWS\SYSTEM32\WSOCK32.dll
0x00007ffd01760000 - 0x00007ffd01783000 	C:\WINDOWS\SYSTEM32\WINMM.dll
0x00007ffd07ad0000 - 0x00007ffd07b3c000 	C:\WINDOWS\System32\WS2_32.dll
0x00007ffd01680000 - 0x00007ffd016aa000 	C:\WINDOWS\SYSTEM32\WINMMBASE.dll
0x00007ffd06650000 - 0x00007ffd0669a000 	C:\WINDOWS\System32\cfgmgr32.dll
0x00007ffd010d0000 - 0x00007ffd010df000 	C:\Program Files\Java\jre-9.0.1\bin\verify.dll
0x00007ffd00b90000 - 0x00007ffd00bb7000 	C:\Program Files\Java\jre-9.0.1\bin\java.dll
0x00007ffd003b0000 - 0x00007ffd003c6000 	C:\Program Files\Java\jre-9.0.1\bin\zip.dll
0x00007ffd010c0000 - 0x00007ffd010ca000 	C:\Program Files\Java\jre-9.0.1\bin\jimage.dll
0x00007ffd07ec0000 - 0x00007ffd092f6000 	C:\WINDOWS\System32\SHELL32.dll
0x00007ffd09940000 - 0x00007ffd099e6000 	C:\WINDOWS\System32\shcore.dll
0x00007ffd06760000 - 0x00007ffd06ea7000 	C:\WINDOWS\System32\windows.storage.dll
0x00007ffd07db0000 - 0x00007ffd07e01000 	C:\WINDOWS\System32\shlwapi.dll
0x00007ffd06630000 - 0x00007ffd06641000 	C:\WINDOWS\System32\kernel.appcore.dll
0x00007ffd065e0000 - 0x00007ffd0662c000 	C:\WINDOWS\System32\powrprof.dll
0x00007ffd065c0000 - 0x00007ffd065db000 	C:\WINDOWS\System32\profapi.dll
0x00007ffcf9530000 - 0x00007ffcf954a000 	C:\Program Files\Java\jre-9.0.1\bin\net.dll
0x00007ffcfe810000 - 0x00007ffcfe8ee000 	C:\WINDOWS\SYSTEM32\WINHTTP.dll
0x00007ffd05e30000 - 0x00007ffd05e96000 	C:\WINDOWS\system32\mswsock.dll
0x00007ffcf9510000 - 0x00007ffcf9521000 	C:\Program Files\Java\jre-9.0.1\bin\nio.dll
0x00007ffcfd830000 - 0x00007ffcfd9c9000 	C:\Program Files\Java\jre-9.0.1\bin\awt.dll
0x00007ffd097f0000 - 0x00007ffd098b5000 	C:\WINDOWS\System32\OLEAUT32.dll
0x00007ffd02b40000 - 0x00007ffd030f8000 	C:\WINDOWS\SYSTEM32\d2d1.dll
0x00007ffd07120000 - 0x00007ffd072ee000 	C:\WINDOWS\System32\CRYPT32.dll
0x00007ffd065a0000 - 0x00007ffd065b2000 	C:\WINDOWS\System32\MSASN1.dll
0x00007ffd039d0000 - 0x00007ffd03a58000 	C:\WINDOWS\SYSTEM32\apphelp.dll
0x00007ffd04a00000 - 0x00007ffd04a2a000 	C:\WINDOWS\system32\DWMAPI.DLL
0x00007ffd03b00000 - 0x00007ffd03b95000 	C:\WINDOWS\system32\uxtheme.dll
0x00007ffce9210000 - 0x00007ffce932e000 	C:\WINDOWS\system32\opengl32.dll
0x00007ffceda80000 - 0x00007ffcedaac000 	C:\WINDOWS\SYSTEM32\GLU32.dll
0x00007ffd095f0000 - 0x00007ffd09757000 	C:\WINDOWS\System32\MSCTF.dll
0x00007ffd094a0000 - 0x00007ffd095e9000 	C:\WINDOWS\System32\ole32.dll
0x00007ffcf9470000 - 0x00007ffcf950d000 	C:\Program Files\Java\jre-9.0.1\bin\fontmanager.dll
0x00007ffcedbc0000 - 0x00007ffcedc58000 	C:\WINDOWS\System32\TextInputFramework.dll
0x00007ffcfe460000 - 0x00007ffcfe74e000 	C:\WINDOWS\System32\CoreUIComponents.dll
0x00007ffd03100000 - 0x00007ffd031dc000 	C:\WINDOWS\System32\CoreMessaging.dll
0x00007ffd056d0000 - 0x00007ffd05701000 	C:\WINDOWS\SYSTEM32\ntmarta.dll
0x00007ffd01d90000 - 0x00007ffd01ec6000 	C:\WINDOWS\SYSTEM32\wintypes.dll
0x00007ffd01b50000 - 0x00007ffd01b7b000 	C:\Program Files\Java\jre-9.0.1\bin\javajpeg.dll
0x00007ffd099f0000 - 0x00007ffd09a8e000 	C:\WINDOWS\System32\clbcatq.dll
0x00007ffcfeb20000 - 0x00007ffcfeccb000 	C:\WINDOWS\SYSTEM32\WindowsCodecs.dll
0x00007ffd01570000 - 0x00007ffd015bf000 	C:\WINDOWS\system32\dataexchange.dll
0x00007ffd02850000 - 0x00007ffd02b32000 	C:\WINDOWS\system32\d3d11.dll
0x00007ffd03200000 - 0x00007ffd03342000 	C:\WINDOWS\system32\dcomp.dll
0x00007ffd05400000 - 0x00007ffd054af000 	C:\WINDOWS\system32\dxgi.dll
0x00007ffd047f0000 - 0x00007ffd0496b000 	C:\WINDOWS\system32\twinapi.appcore.dll
0x00007ffd049e0000 - 0x00007ffd04a00000 	C:\WINDOWS\system32\RMCLIENT.dll
0x00007ffd06100000 - 0x00007ffd06125000 	C:\WINDOWS\system32\bcrypt.dll
0x00007ffcf8250000 - 0x00007ffcf8292000 	C:\Program Files\Java\jre-9.0.1\bin\t2k.dll
0x00007ffd05c00000 - 0x00007ffd05cb6000 	C:\WINDOWS\SYSTEM32\DNSAPI.dll
0x00007ffd09490000 - 0x00007ffd09498000 	C:\WINDOWS\System32\NSI.dll
0x00007ffd05bc0000 - 0x00007ffd05bf9000 	C:\WINDOWS\SYSTEM32\IPHLPAPI.DLL
0x0000000052360000 - 0x0000000052386000 	C:\Program Files\Bonjour\mdnsNSP.dll
0x00007ffcf9f60000 - 0x00007ffcf9f6a000 	C:\Windows\System32\rasadhlp.dll
0x00007ffcf9f80000 - 0x00007ffcf9ff0000 	C:\WINDOWS\System32\fwpuclnt.dll
0x00007ffd05040000 - 0x00007ffd05208000 	C:\WINDOWS\SYSTEM32\dbghelp.dll

VM Arguments:
jvm_args: -Dfile.encoding=UTF-8 
java_command: LP4.Login
java_class_path (initial): C:\Users\ASUS\Documents\GitHub\FFSE1702A.JavaCore\FFSE1702045\ASM10x10\bin;C:\Users\ASUS\Documents\GitHub\FFSE1702A.JavaCore\FFSE1702045\ASM10x10\libs\mysql-connector-java-5.1.46-bin.jar
Launcher Type: SUN_STANDARD

Logging:
Log output configuration:
#0: stdout all=warning uptime,level,tags
#1: stderr all=off uptime,level,tags

Environment Variables:
PATH=C:\ProgramData\Oracle\Java\javapath;C:\Program Files (x86)\Intel\iCLS Client\;C:\Program Files\Intel\iCLS Client\;C:\WINDOWS\system32;C:\WINDOWS;C:\WINDOWS\System32\Wbem;C:\WINDOWS\System32\WindowsPowerShell\v1.0\;C:\Program Files (x86)\Intel\Intel(R) Management Engine Components\DAL;C:\Program Files\Intel\Intel(R) Management Engine Components\DAL;C:\Program Files (x86)\Intel\Intel(R) Management Engine Components\IPT;C:\Program Files\Intel\Intel(R) Management Engine Components\IPT;C:\Program Files\Intel\WiFi\bin\;C:\Program Files\Common Files\Intel\WirelessCommon\;C:\Program Files\Git\cmd;C:\Users\ASUS\AppData\Local\Microsoft\WindowsApps;C:\Users\ASUS\AppData\Local\GitHubDesktop\bin
USERNAME=ASUS
OS=Windows_NT
PROCESSOR_IDENTIFIER=Intel64 Family 6 Model 142 Stepping 9, GenuineIntel



---------------  S Y S T E M  ---------------

OS: Windows 10 , 64 bit Build 16299 (10.0.16299.15)

CPU:total 4 (initial active 4) (2 cores per cpu, 2 threads per core) family 6 model 142 stepping 9, cmov, cx8, fxsr, mmx, sse, sse2, sse3, ssse3, sse4.1, sse4.2, popcnt, avx, avx2, aes, clmul, erms, 3dnowpref, lzcnt, ht, tsc, tscinvbit, bmi1, bmi2, adx, fma

Memory: 4k page, physical 4072968k(352148k free), swap 16655880k(5160k free)

vm_info: Java HotSpot(TM) 64-Bit Server VM (9.0.1+11) for windows-amd64 JRE (9.0.1+11), built on Sep 28 2017 04:54:03 by "mach5one" with MS VC++ 12.0 (VS2013)

END.
